                                      1 ;--------------------------------------------------------
                                      2 ; File Created by SDCC : free open source ANSI-C Compiler
                                      3 ; Version 4.1.0 #12072 (MINGW64)
                                      4 ;--------------------------------------------------------
                                      5 	.module max7219
                                      6 	.optsdcc -mstm8
                                      7 	
                                      8 ;--------------------------------------------------------
                                      9 ; Public variables in this module
                                     10 ;--------------------------------------------------------
                                     11 	.globl _GPIO_WriteLow
                                     12 	.globl _GPIO_WriteHigh
                                     13 	.globl _GPIO_Init
                                     14 	.globl _max7219_init
                                     15 	.globl _max7219_posli
                                     16 ;--------------------------------------------------------
                                     17 ; ram data
                                     18 ;--------------------------------------------------------
                                     19 	.area DATA
                                     20 ;--------------------------------------------------------
                                     21 ; ram data
                                     22 ;--------------------------------------------------------
                                     23 	.area INITIALIZED
                                     24 ;--------------------------------------------------------
                                     25 ; absolute external ram data
                                     26 ;--------------------------------------------------------
                                     27 	.area DABS (ABS)
                                     28 
                                     29 ; default segment ordering for linker
                                     30 	.area HOME
                                     31 	.area GSINIT
                                     32 	.area GSFINAL
                                     33 	.area CONST
                                     34 	.area INITIALIZER
                                     35 	.area CODE
                                     36 
                                     37 ;--------------------------------------------------------
                                     38 ; global & static initialisations
                                     39 ;--------------------------------------------------------
                                     40 	.area HOME
                                     41 	.area GSINIT
                                     42 	.area GSFINAL
                                     43 	.area GSINIT
                                     44 ;--------------------------------------------------------
                                     45 ; Home
                                     46 ;--------------------------------------------------------
                                     47 	.area HOME
                                     48 	.area HOME
                                     49 ;--------------------------------------------------------
                                     50 ; code
                                     51 ;--------------------------------------------------------
                                     52 	.area CODE
                           000000    53 	Smax7219$max7219_init$0 ==.
                                     54 ;	./src/max7219.c: 4: void max7219_init(void){
                                     55 ; genLabel
                                     56 ;	-----------------------------------------
                                     57 ;	 function max7219_init
                                     58 ;	-----------------------------------------
                                     59 ;	Register assignment is optimal.
                                     60 ;	Stack space usage: 0 bytes.
      000000                         61 _max7219_init:
                           000000    62 	Smax7219$max7219_init$1 ==.
                           000000    63 	Smax7219$max7219_init$2 ==.
                                     64 ;	./src/max7219.c: 5: GPIO_Init(CS_GPIO,CS_PIN,GPIO_MODE_OUT_PP_LOW_SLOW);
                                     65 ; genIPush
      000000 4B C0            [ 1]   66 	push	#0xc0
                           000002    67 	Smax7219$max7219_init$3 ==.
                                     68 ; genIPush
      000002 4B 10            [ 1]   69 	push	#0x10
                           000004    70 	Smax7219$max7219_init$4 ==.
                                     71 ; genIPush
      000004 4B 0A            [ 1]   72 	push	#0x0a
                           000006    73 	Smax7219$max7219_init$5 ==.
      000006 4B 50            [ 1]   74 	push	#0x50
                           000008    75 	Smax7219$max7219_init$6 ==.
                                     76 ; genCall
      000008 CDr00r00         [ 4]   77 	call	_GPIO_Init
      00000B 5B 04            [ 2]   78 	addw	sp, #4
                           00000D    79 	Smax7219$max7219_init$7 ==.
                           00000D    80 	Smax7219$max7219_init$8 ==.
                                     81 ;	./src/max7219.c: 6: GPIO_Init(CLK_GPIO,CLK_PIN,GPIO_MODE_OUT_PP_LOW_SLOW);
                                     82 ; genIPush
      00000D 4B C0            [ 1]   83 	push	#0xc0
                           00000F    84 	Smax7219$max7219_init$9 ==.
                                     85 ; genIPush
      00000F 4B 10            [ 1]   86 	push	#0x10
                           000011    87 	Smax7219$max7219_init$10 ==.
                                     88 ; genIPush
      000011 4B 0F            [ 1]   89 	push	#0x0f
                           000013    90 	Smax7219$max7219_init$11 ==.
      000013 4B 50            [ 1]   91 	push	#0x50
                           000015    92 	Smax7219$max7219_init$12 ==.
                                     93 ; genCall
      000015 CDr00r00         [ 4]   94 	call	_GPIO_Init
      000018 5B 04            [ 2]   95 	addw	sp, #4
                           00001A    96 	Smax7219$max7219_init$13 ==.
                           00001A    97 	Smax7219$max7219_init$14 ==.
                                     98 ;	./src/max7219.c: 7: GPIO_Init(DATA_GPIO,DATA_PIN,GPIO_MODE_OUT_PP_LOW_SLOW);
                                     99 ; genIPush
      00001A 4B C0            [ 1]  100 	push	#0xc0
                           00001C   101 	Smax7219$max7219_init$15 ==.
                                    102 ; genIPush
      00001C 4B 08            [ 1]  103 	push	#0x08
                           00001E   104 	Smax7219$max7219_init$16 ==.
                                    105 ; genIPush
      00001E 4B 0F            [ 1]  106 	push	#0x0f
                           000020   107 	Smax7219$max7219_init$17 ==.
      000020 4B 50            [ 1]  108 	push	#0x50
                           000022   109 	Smax7219$max7219_init$18 ==.
                                    110 ; genCall
      000022 CDr00r00         [ 4]  111 	call	_GPIO_Init
      000025 5B 04            [ 2]  112 	addw	sp, #4
                           000027   113 	Smax7219$max7219_init$19 ==.
                           000027   114 	Smax7219$max7219_init$20 ==.
                                    115 ;	./src/max7219.c: 9: max7219_posli(DECODE_MODE, DECODE_ALL); // zapnout znakovou sadu na všech cifrách
                                    116 ; genIPush
      000027 4B FF            [ 1]  117 	push	#0xff
                           000029   118 	Smax7219$max7219_init$21 ==.
                                    119 ; genIPush
      000029 4B 09            [ 1]  120 	push	#0x09
                           00002B   121 	Smax7219$max7219_init$22 ==.
                                    122 ; genCall
      00002B CDr00r50         [ 4]  123 	call	_max7219_posli
      00002E 85               [ 2]  124 	popw	x
                           00002F   125 	Smax7219$max7219_init$23 ==.
                           00002F   126 	Smax7219$max7219_init$24 ==.
                                    127 ;	./src/max7219.c: 10: max7219_posli(SCAN_LIMIT, 7); // velikost displeje 8 cifer (počítáno od nuly, proto je argument číslo 7)
                                    128 ; genIPush
      00002F 4B 07            [ 1]  129 	push	#0x07
                           000031   130 	Smax7219$max7219_init$25 ==.
                                    131 ; genIPush
      000031 4B 0B            [ 1]  132 	push	#0x0b
                           000033   133 	Smax7219$max7219_init$26 ==.
                                    134 ; genCall
      000033 CDr00r50         [ 4]  135 	call	_max7219_posli
      000036 85               [ 2]  136 	popw	x
                           000037   137 	Smax7219$max7219_init$27 ==.
                           000037   138 	Smax7219$max7219_init$28 ==.
                                    139 ;	./src/max7219.c: 11: max7219_posli(INTENSITY, 5); // volíme ze začátku nízký jas (vysoký jas může mít velkou spotřebu - až 0.25A !)
                                    140 ; genIPush
      000037 4B 05            [ 1]  141 	push	#0x05
                           000039   142 	Smax7219$max7219_init$29 ==.
                                    143 ; genIPush
      000039 4B 0A            [ 1]  144 	push	#0x0a
                           00003B   145 	Smax7219$max7219_init$30 ==.
                                    146 ; genCall
      00003B CDr00r50         [ 4]  147 	call	_max7219_posli
      00003E 85               [ 2]  148 	popw	x
                           00003F   149 	Smax7219$max7219_init$31 ==.
                           00003F   150 	Smax7219$max7219_init$32 ==.
                                    151 ;	./src/max7219.c: 12: max7219_posli(DISPLAY_TEST, DISPLAY_TEST_OFF); // 
                                    152 ; genIPush
      00003F 4B 00            [ 1]  153 	push	#0x00
                           000041   154 	Smax7219$max7219_init$33 ==.
                                    155 ; genIPush
      000041 4B 0F            [ 1]  156 	push	#0x0f
                           000043   157 	Smax7219$max7219_init$34 ==.
                                    158 ; genCall
      000043 CDr00r50         [ 4]  159 	call	_max7219_posli
      000046 85               [ 2]  160 	popw	x
                           000047   161 	Smax7219$max7219_init$35 ==.
                           000047   162 	Smax7219$max7219_init$36 ==.
                                    163 ;	./src/max7219.c: 13: max7219_posli(SHUTDOWN, DISPLAY_ON); // zapneme displej
                                    164 ; genIPush
      000047 4B 01            [ 1]  165 	push	#0x01
                           000049   166 	Smax7219$max7219_init$37 ==.
                                    167 ; genIPush
      000049 4B 0C            [ 1]  168 	push	#0x0c
                           00004B   169 	Smax7219$max7219_init$38 ==.
                                    170 ; genCall
      00004B CDr00r50         [ 4]  171 	call	_max7219_posli
      00004E 85               [ 2]  172 	popw	x
                           00004F   173 	Smax7219$max7219_init$39 ==.
                                    174 ; genLabel
      00004F                        175 00101$:
                           00004F   176 	Smax7219$max7219_init$40 ==.
                                    177 ;	./src/max7219.c: 14: }
                                    178 ; genEndFunction
                           00004F   179 	Smax7219$max7219_init$41 ==.
                           00004F   180 	XG$max7219_init$0$0 ==.
      00004F 81               [ 4]  181 	ret
                           000050   182 	Smax7219$max7219_init$42 ==.
                           000050   183 	Smax7219$max7219_posli$43 ==.
                                    184 ;	./src/max7219.c: 17: void max7219_posli(uint8_t adresa, uint8_t data){
                                    185 ; genLabel
                                    186 ;	-----------------------------------------
                                    187 ;	 function max7219_posli
                                    188 ;	-----------------------------------------
                                    189 ;	Register assignment is optimal.
                                    190 ;	Stack space usage: 1 bytes.
      000050                        191 _max7219_posli:
                           000050   192 	Smax7219$max7219_posli$44 ==.
      000050 88               [ 1]  193 	push	a
                           000051   194 	Smax7219$max7219_posli$45 ==.
                           000051   195 	Smax7219$max7219_posli$46 ==.
                                    196 ;	./src/max7219.c: 19: CS_LOW; // nastavíme linku LOAD/CS do úrovně Low (abychom po zapsání všech 16ti bytů mohli vygenerovat na CS vzestupnou hranu)
                                    197 ; genIPush
      000051 4B 10            [ 1]  198 	push	#0x10
                           000053   199 	Smax7219$max7219_posli$47 ==.
                                    200 ; genIPush
      000053 4B 0A            [ 1]  201 	push	#0x0a
                           000055   202 	Smax7219$max7219_posli$48 ==.
      000055 4B 50            [ 1]  203 	push	#0x50
                           000057   204 	Smax7219$max7219_posli$49 ==.
                                    205 ; genCall
      000057 CDr00r00         [ 4]  206 	call	_GPIO_WriteLow
      00005A 5B 03            [ 2]  207 	addw	sp, #3
                           00005C   208 	Smax7219$max7219_posli$50 ==.
                           00005C   209 	Smax7219$max7219_posli$51 ==.
                                    210 ;	./src/max7219.c: 22: maska = 0b10000000; // lepší zápis je: maska = 1<<7
                                    211 ; genAssign
      00005C A6 80            [ 1]  212 	ld	a, #0x80
      00005E 6B 01            [ 1]  213 	ld	(0x01, sp), a
                           000060   214 	Smax7219$max7219_posli$52 ==.
                                    215 ;	./src/max7219.c: 23: CLK_LOW; // připravíme si na CLK vstup budiče úroveň Low
                                    216 ; genIPush
      000060 4B 10            [ 1]  217 	push	#0x10
                           000062   218 	Smax7219$max7219_posli$53 ==.
                                    219 ; genIPush
      000062 4B 0F            [ 1]  220 	push	#0x0f
                           000064   221 	Smax7219$max7219_posli$54 ==.
      000064 4B 50            [ 1]  222 	push	#0x50
                           000066   223 	Smax7219$max7219_posli$55 ==.
                                    224 ; genCall
      000066 CDr00r00         [ 4]  225 	call	_GPIO_WriteLow
      000069 5B 03            [ 2]  226 	addw	sp, #3
                           00006B   227 	Smax7219$max7219_posli$56 ==.
                           00006B   228 	Smax7219$max7219_posli$57 ==.
                                    229 ;	./src/max7219.c: 24: while(maska){ // dokud jsme neposlali všech 8 bitů
                                    230 ; genLabel
      00006B                        231 00104$:
                                    232 ; genIfx
      00006B 0D 01            [ 1]  233 	tnz	(0x01, sp)
      00006D 26 03            [ 1]  234 	jrne	00145$
      00006F CCr00rB0         [ 2]  235 	jp	00106$
      000072                        236 00145$:
                           000072   237 	Smax7219$max7219_posli$58 ==.
                           000072   238 	Smax7219$max7219_posli$59 ==.
                                    239 ;	./src/max7219.c: 25: if(maska & adresa){ // pokud má právě vysílaný bit hodnotu 1
                                    240 ; genAnd
      000072 7B 01            [ 1]  241 	ld	a, (0x01, sp)
      000074 14 04            [ 1]  242 	and	a, (0x04, sp)
                                    243 ; genIfx
      000076 4D               [ 1]  244 	tnz	a
      000077 26 03            [ 1]  245 	jrne	00146$
      000079 CCr00r8A         [ 2]  246 	jp	00102$
      00007C                        247 00146$:
                           00007C   248 	Smax7219$max7219_posli$60 ==.
                           00007C   249 	Smax7219$max7219_posli$61 ==.
                                    250 ;	./src/max7219.c: 26: DATA_HIGH; // nastavíme budiči vstup DIN do úrovně High
                                    251 ; genIPush
      00007C 4B 08            [ 1]  252 	push	#0x08
                           00007E   253 	Smax7219$max7219_posli$62 ==.
                                    254 ; genIPush
      00007E 4B 0F            [ 1]  255 	push	#0x0f
                           000080   256 	Smax7219$max7219_posli$63 ==.
      000080 4B 50            [ 1]  257 	push	#0x50
                           000082   258 	Smax7219$max7219_posli$64 ==.
                                    259 ; genCall
      000082 CDr00r00         [ 4]  260 	call	_GPIO_WriteHigh
      000085 5B 03            [ 2]  261 	addw	sp, #3
                           000087   262 	Smax7219$max7219_posli$65 ==.
                           000087   263 	Smax7219$max7219_posli$66 ==.
                                    264 ; genGoto
      000087 CCr00r95         [ 2]  265 	jp	00103$
                                    266 ; genLabel
      00008A                        267 00102$:
                           00008A   268 	Smax7219$max7219_posli$67 ==.
                           00008A   269 	Smax7219$max7219_posli$68 ==.
                                    270 ;	./src/max7219.c: 29: DATA_LOW;	// ... nastavíme budiči vstup DIN do úrovně Low
                                    271 ; genIPush
      00008A 4B 08            [ 1]  272 	push	#0x08
                           00008C   273 	Smax7219$max7219_posli$69 ==.
                                    274 ; genIPush
      00008C 4B 0F            [ 1]  275 	push	#0x0f
                           00008E   276 	Smax7219$max7219_posli$70 ==.
      00008E 4B 50            [ 1]  277 	push	#0x50
                           000090   278 	Smax7219$max7219_posli$71 ==.
                                    279 ; genCall
      000090 CDr00r00         [ 4]  280 	call	_GPIO_WriteLow
      000093 5B 03            [ 2]  281 	addw	sp, #3
                           000095   282 	Smax7219$max7219_posli$72 ==.
                           000095   283 	Smax7219$max7219_posli$73 ==.
                                    284 ; genLabel
      000095                        285 00103$:
                           000095   286 	Smax7219$max7219_posli$74 ==.
                                    287 ;	./src/max7219.c: 31: CLK_HIGH; // přejdeme na CLK z úrovně Low do úrovně High, a budič si zapíše hodnotu bitu, kterou jsme nastavili na DIN
                                    288 ; genIPush
      000095 4B 10            [ 1]  289 	push	#0x10
                           000097   290 	Smax7219$max7219_posli$75 ==.
                                    291 ; genIPush
      000097 4B 0F            [ 1]  292 	push	#0x0f
                           000099   293 	Smax7219$max7219_posli$76 ==.
      000099 4B 50            [ 1]  294 	push	#0x50
                           00009B   295 	Smax7219$max7219_posli$77 ==.
                                    296 ; genCall
      00009B CDr00r00         [ 4]  297 	call	_GPIO_WriteHigh
      00009E 5B 03            [ 2]  298 	addw	sp, #3
                           0000A0   299 	Smax7219$max7219_posli$78 ==.
                           0000A0   300 	Smax7219$max7219_posli$79 ==.
                                    301 ;	./src/max7219.c: 32: maska = maska>>1; // rotujeme masku abychom v příštím kroku vysílali nižší bit
                                    302 ; genRightShiftLiteral
      0000A0 04 01            [ 1]  303 	srl	(0x01, sp)
                           0000A2   304 	Smax7219$max7219_posli$80 ==.
                                    305 ;	./src/max7219.c: 33: CLK_LOW; // vrátíme CLK zpět do Low abychom mohli celý proces vysílání bitu opakovat
                                    306 ; genIPush
      0000A2 4B 10            [ 1]  307 	push	#0x10
                           0000A4   308 	Smax7219$max7219_posli$81 ==.
                                    309 ; genIPush
      0000A4 4B 0F            [ 1]  310 	push	#0x0f
                           0000A6   311 	Smax7219$max7219_posli$82 ==.
      0000A6 4B 50            [ 1]  312 	push	#0x50
                           0000A8   313 	Smax7219$max7219_posli$83 ==.
                                    314 ; genCall
      0000A8 CDr00r00         [ 4]  315 	call	_GPIO_WriteLow
      0000AB 5B 03            [ 2]  316 	addw	sp, #3
                           0000AD   317 	Smax7219$max7219_posli$84 ==.
                           0000AD   318 	Smax7219$max7219_posli$85 ==.
                                    319 ; genGoto
      0000AD CCr00r6B         [ 2]  320 	jp	00104$
                                    321 ; genLabel
      0000B0                        322 00106$:
                           0000B0   323 	Smax7219$max7219_posli$86 ==.
                                    324 ;	./src/max7219.c: 37: maska = 0b10000000;
                                    325 ; genAssign
      0000B0 A6 80            [ 1]  326 	ld	a, #0x80
      0000B2 6B 01            [ 1]  327 	ld	(0x01, sp), a
                           0000B4   328 	Smax7219$max7219_posli$87 ==.
                                    329 ;	./src/max7219.c: 38: while(maska){ // dokud jsme neposlali všech 8 bitů
                                    330 ; genLabel
      0000B4                        331 00110$:
                                    332 ; genIfx
      0000B4 0D 01            [ 1]  333 	tnz	(0x01, sp)
      0000B6 26 03            [ 1]  334 	jrne	00147$
      0000B8 CCr00rF9         [ 2]  335 	jp	00112$
      0000BB                        336 00147$:
                           0000BB   337 	Smax7219$max7219_posli$88 ==.
                           0000BB   338 	Smax7219$max7219_posli$89 ==.
                                    339 ;	./src/max7219.c: 39: if(maska & data){ // pokud má právě vysílaný bit hodnotu 1
                                    340 ; genAnd
      0000BB 7B 01            [ 1]  341 	ld	a, (0x01, sp)
      0000BD 14 05            [ 1]  342 	and	a, (0x05, sp)
                                    343 ; genIfx
      0000BF 4D               [ 1]  344 	tnz	a
      0000C0 26 03            [ 1]  345 	jrne	00148$
      0000C2 CCr00rD3         [ 2]  346 	jp	00108$
      0000C5                        347 00148$:
                           0000C5   348 	Smax7219$max7219_posli$90 ==.
                           0000C5   349 	Smax7219$max7219_posli$91 ==.
                                    350 ;	./src/max7219.c: 40: DATA_HIGH; // nastavíme budiči vstup DIN do úrovně High
                                    351 ; genIPush
      0000C5 4B 08            [ 1]  352 	push	#0x08
                           0000C7   353 	Smax7219$max7219_posli$92 ==.
                                    354 ; genIPush
      0000C7 4B 0F            [ 1]  355 	push	#0x0f
                           0000C9   356 	Smax7219$max7219_posli$93 ==.
      0000C9 4B 50            [ 1]  357 	push	#0x50
                           0000CB   358 	Smax7219$max7219_posli$94 ==.
                                    359 ; genCall
      0000CB CDr00r00         [ 4]  360 	call	_GPIO_WriteHigh
      0000CE 5B 03            [ 2]  361 	addw	sp, #3
                           0000D0   362 	Smax7219$max7219_posli$95 ==.
                           0000D0   363 	Smax7219$max7219_posli$96 ==.
                                    364 ; genGoto
      0000D0 CCr00rDE         [ 2]  365 	jp	00109$
                                    366 ; genLabel
      0000D3                        367 00108$:
                           0000D3   368 	Smax7219$max7219_posli$97 ==.
                           0000D3   369 	Smax7219$max7219_posli$98 ==.
                                    370 ;	./src/max7219.c: 43: DATA_LOW;	// ... nastavíme budiči vstup DIN do úrovně Low
                                    371 ; genIPush
      0000D3 4B 08            [ 1]  372 	push	#0x08
                           0000D5   373 	Smax7219$max7219_posli$99 ==.
                                    374 ; genIPush
      0000D5 4B 0F            [ 1]  375 	push	#0x0f
                           0000D7   376 	Smax7219$max7219_posli$100 ==.
      0000D7 4B 50            [ 1]  377 	push	#0x50
                           0000D9   378 	Smax7219$max7219_posli$101 ==.
                                    379 ; genCall
      0000D9 CDr00r00         [ 4]  380 	call	_GPIO_WriteLow
      0000DC 5B 03            [ 2]  381 	addw	sp, #3
                           0000DE   382 	Smax7219$max7219_posli$102 ==.
                           0000DE   383 	Smax7219$max7219_posli$103 ==.
                                    384 ; genLabel
      0000DE                        385 00109$:
                           0000DE   386 	Smax7219$max7219_posli$104 ==.
                                    387 ;	./src/max7219.c: 45: CLK_HIGH; // přejdeme na CLK z úrovně Low do úrovně High, a v budič si zapíše hodnotu bitu, kterou jsme nastavili na DIN
                                    388 ; genIPush
      0000DE 4B 10            [ 1]  389 	push	#0x10
                           0000E0   390 	Smax7219$max7219_posli$105 ==.
                                    391 ; genIPush
      0000E0 4B 0F            [ 1]  392 	push	#0x0f
                           0000E2   393 	Smax7219$max7219_posli$106 ==.
      0000E2 4B 50            [ 1]  394 	push	#0x50
                           0000E4   395 	Smax7219$max7219_posli$107 ==.
                                    396 ; genCall
      0000E4 CDr00r00         [ 4]  397 	call	_GPIO_WriteHigh
      0000E7 5B 03            [ 2]  398 	addw	sp, #3
                           0000E9   399 	Smax7219$max7219_posli$108 ==.
                           0000E9   400 	Smax7219$max7219_posli$109 ==.
                                    401 ;	./src/max7219.c: 46: maska = maska>>1; // rotujeme masku abychom v příštím kroku vysílali nižší bit
                                    402 ; genRightShiftLiteral
      0000E9 04 01            [ 1]  403 	srl	(0x01, sp)
                           0000EB   404 	Smax7219$max7219_posli$110 ==.
                                    405 ;	./src/max7219.c: 47: CLK_LOW; // vrátíme CLK zpět do Low abychom mohli celý proces vysílání bitu opakovat
                                    406 ; genIPush
      0000EB 4B 10            [ 1]  407 	push	#0x10
                           0000ED   408 	Smax7219$max7219_posli$111 ==.
                                    409 ; genIPush
      0000ED 4B 0F            [ 1]  410 	push	#0x0f
                           0000EF   411 	Smax7219$max7219_posli$112 ==.
      0000EF 4B 50            [ 1]  412 	push	#0x50
                           0000F1   413 	Smax7219$max7219_posli$113 ==.
                                    414 ; genCall
      0000F1 CDr00r00         [ 4]  415 	call	_GPIO_WriteLow
      0000F4 5B 03            [ 2]  416 	addw	sp, #3
                           0000F6   417 	Smax7219$max7219_posli$114 ==.
                           0000F6   418 	Smax7219$max7219_posli$115 ==.
                                    419 ; genGoto
      0000F6 CCr00rB4         [ 2]  420 	jp	00110$
                                    421 ; genLabel
      0000F9                        422 00112$:
                           0000F9   423 	Smax7219$max7219_posli$116 ==.
                                    424 ;	./src/max7219.c: 50: CS_HIGH; // nastavíme LOAD/CS z úrovně Low do úrovně High a vygenerujeme tím vzestupnou hranu (pokyn pro MAX7219 aby zpracoval náš příkaz)
                                    425 ; genIPush
      0000F9 4B 10            [ 1]  426 	push	#0x10
                           0000FB   427 	Smax7219$max7219_posli$117 ==.
                                    428 ; genIPush
      0000FB 4B 0A            [ 1]  429 	push	#0x0a
                           0000FD   430 	Smax7219$max7219_posli$118 ==.
      0000FD 4B 50            [ 1]  431 	push	#0x50
                           0000FF   432 	Smax7219$max7219_posli$119 ==.
                                    433 ; genCall
      0000FF CDr00r00         [ 4]  434 	call	_GPIO_WriteHigh
      000102 5B 03            [ 2]  435 	addw	sp, #3
                           000104   436 	Smax7219$max7219_posli$120 ==.
                                    437 ; genLabel
      000104                        438 00113$:
                           000104   439 	Smax7219$max7219_posli$121 ==.
                                    440 ;	./src/max7219.c: 51: }
                                    441 ; genEndFunction
      000104 84               [ 1]  442 	pop	a
                           000105   443 	Smax7219$max7219_posli$122 ==.
                           000105   444 	Smax7219$max7219_posli$123 ==.
                           000105   445 	XG$max7219_posli$0$0 ==.
      000105 81               [ 4]  446 	ret
                           000106   447 	Smax7219$max7219_posli$124 ==.
                                    448 	.area CODE
                                    449 	.area CONST
                                    450 	.area INITIALIZER
                                    451 	.area CABS (ABS)
                                    452 
                                    453 	.area .debug_line (NOLOAD)
      000000 00 00 01 44            454 	.dw	0,Ldebug_line_end-Ldebug_line_start
      000004                        455 Ldebug_line_start:
      000004 00 02                  456 	.dw	2
      000006 00 00 00 70            457 	.dw	0,Ldebug_line_stmt-6-Ldebug_line_start
      00000A 01                     458 	.db	1
      00000B 01                     459 	.db	1
      00000C FB                     460 	.db	-5
      00000D 0F                     461 	.db	15
      00000E 0A                     462 	.db	10
      00000F 00                     463 	.db	0
      000010 01                     464 	.db	1
      000011 01                     465 	.db	1
      000012 01                     466 	.db	1
      000013 01                     467 	.db	1
      000014 00                     468 	.db	0
      000015 00                     469 	.db	0
      000016 00                     470 	.db	0
      000017 01                     471 	.db	1
      000018 43 3A 5C 50 72 6F 67   472 	.ascii "C:\Program Files\SDCC\bin\..\include\stm8"
             72 61 6D 20 46 69 6C
             65 73 5C 53 44 43 43
             08 69 6E 5C 2E 2E 5C
             69 6E 63 6C 75 64 65
             5C 73 74 6D 38
      000040 00                     473 	.db	0
      000041 43 3A 5C 50 72 6F 67   474 	.ascii "C:\Program Files\SDCC\bin\..\include"
             72 61 6D 20 46 69 6C
             65 73 5C 53 44 43 43
             08 69 6E 5C 2E 2E 5C
             69 6E 63 6C 75 64 65
      000064 00                     475 	.db	0
      000065 00                     476 	.db	0
      000066 2E 2F 73 72 63 2F 6D   477 	.ascii "./src/max7219.c"
             61 78 37 32 31 39 2E
             63
      000075 00                     478 	.db	0
      000076 00                     479 	.uleb128	0
      000077 00                     480 	.uleb128	0
      000078 00                     481 	.uleb128	0
      000079 00                     482 	.db	0
      00007A                        483 Ldebug_line_stmt:
      00007A 00                     484 	.db	0
      00007B 05                     485 	.uleb128	5
      00007C 02                     486 	.db	2
      00007D 00 00r00r00            487 	.dw	0,(Smax7219$max7219_init$0)
      000081 03                     488 	.db	3
      000082 03                     489 	.sleb128	3
      000083 01                     490 	.db	1
      000084 09                     491 	.db	9
      000085 00 00                  492 	.dw	Smax7219$max7219_init$2-Smax7219$max7219_init$0
      000087 03                     493 	.db	3
      000088 01                     494 	.sleb128	1
      000089 01                     495 	.db	1
      00008A 09                     496 	.db	9
      00008B 00 0D                  497 	.dw	Smax7219$max7219_init$8-Smax7219$max7219_init$2
      00008D 03                     498 	.db	3
      00008E 01                     499 	.sleb128	1
      00008F 01                     500 	.db	1
      000090 09                     501 	.db	9
      000091 00 0D                  502 	.dw	Smax7219$max7219_init$14-Smax7219$max7219_init$8
      000093 03                     503 	.db	3
      000094 01                     504 	.sleb128	1
      000095 01                     505 	.db	1
      000096 09                     506 	.db	9
      000097 00 0D                  507 	.dw	Smax7219$max7219_init$20-Smax7219$max7219_init$14
      000099 03                     508 	.db	3
      00009A 02                     509 	.sleb128	2
      00009B 01                     510 	.db	1
      00009C 09                     511 	.db	9
      00009D 00 08                  512 	.dw	Smax7219$max7219_init$24-Smax7219$max7219_init$20
      00009F 03                     513 	.db	3
      0000A0 01                     514 	.sleb128	1
      0000A1 01                     515 	.db	1
      0000A2 09                     516 	.db	9
      0000A3 00 08                  517 	.dw	Smax7219$max7219_init$28-Smax7219$max7219_init$24
      0000A5 03                     518 	.db	3
      0000A6 01                     519 	.sleb128	1
      0000A7 01                     520 	.db	1
      0000A8 09                     521 	.db	9
      0000A9 00 08                  522 	.dw	Smax7219$max7219_init$32-Smax7219$max7219_init$28
      0000AB 03                     523 	.db	3
      0000AC 01                     524 	.sleb128	1
      0000AD 01                     525 	.db	1
      0000AE 09                     526 	.db	9
      0000AF 00 08                  527 	.dw	Smax7219$max7219_init$36-Smax7219$max7219_init$32
      0000B1 03                     528 	.db	3
      0000B2 01                     529 	.sleb128	1
      0000B3 01                     530 	.db	1
      0000B4 09                     531 	.db	9
      0000B5 00 08                  532 	.dw	Smax7219$max7219_init$40-Smax7219$max7219_init$36
      0000B7 03                     533 	.db	3
      0000B8 01                     534 	.sleb128	1
      0000B9 01                     535 	.db	1
      0000BA 09                     536 	.db	9
      0000BB 00 01                  537 	.dw	1+Smax7219$max7219_init$41-Smax7219$max7219_init$40
      0000BD 00                     538 	.db	0
      0000BE 01                     539 	.uleb128	1
      0000BF 01                     540 	.db	1
      0000C0 00                     541 	.db	0
      0000C1 05                     542 	.uleb128	5
      0000C2 02                     543 	.db	2
      0000C3 00 00r00r50            544 	.dw	0,(Smax7219$max7219_posli$43)
      0000C7 03                     545 	.db	3
      0000C8 10                     546 	.sleb128	16
      0000C9 01                     547 	.db	1
      0000CA 09                     548 	.db	9
      0000CB 00 01                  549 	.dw	Smax7219$max7219_posli$46-Smax7219$max7219_posli$43
      0000CD 03                     550 	.db	3
      0000CE 02                     551 	.sleb128	2
      0000CF 01                     552 	.db	1
      0000D0 09                     553 	.db	9
      0000D1 00 0B                  554 	.dw	Smax7219$max7219_posli$51-Smax7219$max7219_posli$46
      0000D3 03                     555 	.db	3
      0000D4 03                     556 	.sleb128	3
      0000D5 01                     557 	.db	1
      0000D6 09                     558 	.db	9
      0000D7 00 04                  559 	.dw	Smax7219$max7219_posli$52-Smax7219$max7219_posli$51
      0000D9 03                     560 	.db	3
      0000DA 01                     561 	.sleb128	1
      0000DB 01                     562 	.db	1
      0000DC 09                     563 	.db	9
      0000DD 00 0B                  564 	.dw	Smax7219$max7219_posli$57-Smax7219$max7219_posli$52
      0000DF 03                     565 	.db	3
      0000E0 01                     566 	.sleb128	1
      0000E1 01                     567 	.db	1
      0000E2 09                     568 	.db	9
      0000E3 00 07                  569 	.dw	Smax7219$max7219_posli$59-Smax7219$max7219_posli$57
      0000E5 03                     570 	.db	3
      0000E6 01                     571 	.sleb128	1
      0000E7 01                     572 	.db	1
      0000E8 09                     573 	.db	9
      0000E9 00 0A                  574 	.dw	Smax7219$max7219_posli$61-Smax7219$max7219_posli$59
      0000EB 03                     575 	.db	3
      0000EC 01                     576 	.sleb128	1
      0000ED 01                     577 	.db	1
      0000EE 09                     578 	.db	9
      0000EF 00 0E                  579 	.dw	Smax7219$max7219_posli$68-Smax7219$max7219_posli$61
      0000F1 03                     580 	.db	3
      0000F2 03                     581 	.sleb128	3
      0000F3 01                     582 	.db	1
      0000F4 09                     583 	.db	9
      0000F5 00 0B                  584 	.dw	Smax7219$max7219_posli$74-Smax7219$max7219_posli$68
      0000F7 03                     585 	.db	3
      0000F8 02                     586 	.sleb128	2
      0000F9 01                     587 	.db	1
      0000FA 09                     588 	.db	9
      0000FB 00 0B                  589 	.dw	Smax7219$max7219_posli$79-Smax7219$max7219_posli$74
      0000FD 03                     590 	.db	3
      0000FE 01                     591 	.sleb128	1
      0000FF 01                     592 	.db	1
      000100 09                     593 	.db	9
      000101 00 02                  594 	.dw	Smax7219$max7219_posli$80-Smax7219$max7219_posli$79
      000103 03                     595 	.db	3
      000104 01                     596 	.sleb128	1
      000105 01                     597 	.db	1
      000106 09                     598 	.db	9
      000107 00 0E                  599 	.dw	Smax7219$max7219_posli$86-Smax7219$max7219_posli$80
      000109 03                     600 	.db	3
      00010A 04                     601 	.sleb128	4
      00010B 01                     602 	.db	1
      00010C 09                     603 	.db	9
      00010D 00 04                  604 	.dw	Smax7219$max7219_posli$87-Smax7219$max7219_posli$86
      00010F 03                     605 	.db	3
      000110 01                     606 	.sleb128	1
      000111 01                     607 	.db	1
      000112 09                     608 	.db	9
      000113 00 07                  609 	.dw	Smax7219$max7219_posli$89-Smax7219$max7219_posli$87
      000115 03                     610 	.db	3
      000116 01                     611 	.sleb128	1
      000117 01                     612 	.db	1
      000118 09                     613 	.db	9
      000119 00 0A                  614 	.dw	Smax7219$max7219_posli$91-Smax7219$max7219_posli$89
      00011B 03                     615 	.db	3
      00011C 01                     616 	.sleb128	1
      00011D 01                     617 	.db	1
      00011E 09                     618 	.db	9
      00011F 00 0E                  619 	.dw	Smax7219$max7219_posli$98-Smax7219$max7219_posli$91
      000121 03                     620 	.db	3
      000122 03                     621 	.sleb128	3
      000123 01                     622 	.db	1
      000124 09                     623 	.db	9
      000125 00 0B                  624 	.dw	Smax7219$max7219_posli$104-Smax7219$max7219_posli$98
      000127 03                     625 	.db	3
      000128 02                     626 	.sleb128	2
      000129 01                     627 	.db	1
      00012A 09                     628 	.db	9
      00012B 00 0B                  629 	.dw	Smax7219$max7219_posli$109-Smax7219$max7219_posli$104
      00012D 03                     630 	.db	3
      00012E 01                     631 	.sleb128	1
      00012F 01                     632 	.db	1
      000130 09                     633 	.db	9
      000131 00 02                  634 	.dw	Smax7219$max7219_posli$110-Smax7219$max7219_posli$109
      000133 03                     635 	.db	3
      000134 01                     636 	.sleb128	1
      000135 01                     637 	.db	1
      000136 09                     638 	.db	9
      000137 00 0E                  639 	.dw	Smax7219$max7219_posli$116-Smax7219$max7219_posli$110
      000139 03                     640 	.db	3
      00013A 03                     641 	.sleb128	3
      00013B 01                     642 	.db	1
      00013C 09                     643 	.db	9
      00013D 00 0B                  644 	.dw	Smax7219$max7219_posli$121-Smax7219$max7219_posli$116
      00013F 03                     645 	.db	3
      000140 01                     646 	.sleb128	1
      000141 01                     647 	.db	1
      000142 09                     648 	.db	9
      000143 00 02                  649 	.dw	1+Smax7219$max7219_posli$123-Smax7219$max7219_posli$121
      000145 00                     650 	.db	0
      000146 01                     651 	.uleb128	1
      000147 01                     652 	.db	1
      000148                        653 Ldebug_line_end:
                                    654 
                                    655 	.area .debug_loc (NOLOAD)
      000000                        656 Ldebug_loc_start:
      000000 00 00r01r05            657 	.dw	0,(Smax7219$max7219_posli$122)
      000004 00 00r01r06            658 	.dw	0,(Smax7219$max7219_posli$124)
      000008 00 02                  659 	.dw	2
      00000A 78                     660 	.db	120
      00000B 01                     661 	.sleb128	1
      00000C 00 00r01r04            662 	.dw	0,(Smax7219$max7219_posli$120)
      000010 00 00r01r05            663 	.dw	0,(Smax7219$max7219_posli$122)
      000014 00 02                  664 	.dw	2
      000016 78                     665 	.db	120
      000017 02                     666 	.sleb128	2
      000018 00 00r00rFF            667 	.dw	0,(Smax7219$max7219_posli$119)
      00001C 00 00r01r04            668 	.dw	0,(Smax7219$max7219_posli$120)
      000020 00 02                  669 	.dw	2
      000022 78                     670 	.db	120
      000023 05                     671 	.sleb128	5
      000024 00 00r00rFD            672 	.dw	0,(Smax7219$max7219_posli$118)
      000028 00 00r00rFF            673 	.dw	0,(Smax7219$max7219_posli$119)
      00002C 00 02                  674 	.dw	2
      00002E 78                     675 	.db	120
      00002F 04                     676 	.sleb128	4
      000030 00 00r00rFB            677 	.dw	0,(Smax7219$max7219_posli$117)
      000034 00 00r00rFD            678 	.dw	0,(Smax7219$max7219_posli$118)
      000038 00 02                  679 	.dw	2
      00003A 78                     680 	.db	120
      00003B 03                     681 	.sleb128	3
      00003C 00 00r00rF6            682 	.dw	0,(Smax7219$max7219_posli$114)
      000040 00 00r00rFB            683 	.dw	0,(Smax7219$max7219_posli$117)
      000044 00 02                  684 	.dw	2
      000046 78                     685 	.db	120
      000047 02                     686 	.sleb128	2
      000048 00 00r00rF1            687 	.dw	0,(Smax7219$max7219_posli$113)
      00004C 00 00r00rF6            688 	.dw	0,(Smax7219$max7219_posli$114)
      000050 00 02                  689 	.dw	2
      000052 78                     690 	.db	120
      000053 05                     691 	.sleb128	5
      000054 00 00r00rEF            692 	.dw	0,(Smax7219$max7219_posli$112)
      000058 00 00r00rF1            693 	.dw	0,(Smax7219$max7219_posli$113)
      00005C 00 02                  694 	.dw	2
      00005E 78                     695 	.db	120
      00005F 04                     696 	.sleb128	4
      000060 00 00r00rED            697 	.dw	0,(Smax7219$max7219_posli$111)
      000064 00 00r00rEF            698 	.dw	0,(Smax7219$max7219_posli$112)
      000068 00 02                  699 	.dw	2
      00006A 78                     700 	.db	120
      00006B 03                     701 	.sleb128	3
      00006C 00 00r00rE9            702 	.dw	0,(Smax7219$max7219_posli$108)
      000070 00 00r00rED            703 	.dw	0,(Smax7219$max7219_posli$111)
      000074 00 02                  704 	.dw	2
      000076 78                     705 	.db	120
      000077 02                     706 	.sleb128	2
      000078 00 00r00rE4            707 	.dw	0,(Smax7219$max7219_posli$107)
      00007C 00 00r00rE9            708 	.dw	0,(Smax7219$max7219_posli$108)
      000080 00 02                  709 	.dw	2
      000082 78                     710 	.db	120
      000083 05                     711 	.sleb128	5
      000084 00 00r00rE2            712 	.dw	0,(Smax7219$max7219_posli$106)
      000088 00 00r00rE4            713 	.dw	0,(Smax7219$max7219_posli$107)
      00008C 00 02                  714 	.dw	2
      00008E 78                     715 	.db	120
      00008F 04                     716 	.sleb128	4
      000090 00 00r00rE0            717 	.dw	0,(Smax7219$max7219_posli$105)
      000094 00 00r00rE2            718 	.dw	0,(Smax7219$max7219_posli$106)
      000098 00 02                  719 	.dw	2
      00009A 78                     720 	.db	120
      00009B 03                     721 	.sleb128	3
      00009C 00 00r00rDE            722 	.dw	0,(Smax7219$max7219_posli$102)
      0000A0 00 00r00rE0            723 	.dw	0,(Smax7219$max7219_posli$105)
      0000A4 00 02                  724 	.dw	2
      0000A6 78                     725 	.db	120
      0000A7 02                     726 	.sleb128	2
      0000A8 00 00r00rD9            727 	.dw	0,(Smax7219$max7219_posli$101)
      0000AC 00 00r00rDE            728 	.dw	0,(Smax7219$max7219_posli$102)
      0000B0 00 02                  729 	.dw	2
      0000B2 78                     730 	.db	120
      0000B3 05                     731 	.sleb128	5
      0000B4 00 00r00rD7            732 	.dw	0,(Smax7219$max7219_posli$100)
      0000B8 00 00r00rD9            733 	.dw	0,(Smax7219$max7219_posli$101)
      0000BC 00 02                  734 	.dw	2
      0000BE 78                     735 	.db	120
      0000BF 04                     736 	.sleb128	4
      0000C0 00 00r00rD5            737 	.dw	0,(Smax7219$max7219_posli$99)
      0000C4 00 00r00rD7            738 	.dw	0,(Smax7219$max7219_posli$100)
      0000C8 00 02                  739 	.dw	2
      0000CA 78                     740 	.db	120
      0000CB 03                     741 	.sleb128	3
      0000CC 00 00r00rD0            742 	.dw	0,(Smax7219$max7219_posli$95)
      0000D0 00 00r00rD5            743 	.dw	0,(Smax7219$max7219_posli$99)
      0000D4 00 02                  744 	.dw	2
      0000D6 78                     745 	.db	120
      0000D7 02                     746 	.sleb128	2
      0000D8 00 00r00rCB            747 	.dw	0,(Smax7219$max7219_posli$94)
      0000DC 00 00r00rD0            748 	.dw	0,(Smax7219$max7219_posli$95)
      0000E0 00 02                  749 	.dw	2
      0000E2 78                     750 	.db	120
      0000E3 05                     751 	.sleb128	5
      0000E4 00 00r00rC9            752 	.dw	0,(Smax7219$max7219_posli$93)
      0000E8 00 00r00rCB            753 	.dw	0,(Smax7219$max7219_posli$94)
      0000EC 00 02                  754 	.dw	2
      0000EE 78                     755 	.db	120
      0000EF 04                     756 	.sleb128	4
      0000F0 00 00r00rC7            757 	.dw	0,(Smax7219$max7219_posli$92)
      0000F4 00 00r00rC9            758 	.dw	0,(Smax7219$max7219_posli$93)
      0000F8 00 02                  759 	.dw	2
      0000FA 78                     760 	.db	120
      0000FB 03                     761 	.sleb128	3
      0000FC 00 00r00rAD            762 	.dw	0,(Smax7219$max7219_posli$84)
      000100 00 00r00rC7            763 	.dw	0,(Smax7219$max7219_posli$92)
      000104 00 02                  764 	.dw	2
      000106 78                     765 	.db	120
      000107 02                     766 	.sleb128	2
      000108 00 00r00rA8            767 	.dw	0,(Smax7219$max7219_posli$83)
      00010C 00 00r00rAD            768 	.dw	0,(Smax7219$max7219_posli$84)
      000110 00 02                  769 	.dw	2
      000112 78                     770 	.db	120
      000113 05                     771 	.sleb128	5
      000114 00 00r00rA6            772 	.dw	0,(Smax7219$max7219_posli$82)
      000118 00 00r00rA8            773 	.dw	0,(Smax7219$max7219_posli$83)
      00011C 00 02                  774 	.dw	2
      00011E 78                     775 	.db	120
      00011F 04                     776 	.sleb128	4
      000120 00 00r00rA4            777 	.dw	0,(Smax7219$max7219_posli$81)
      000124 00 00r00rA6            778 	.dw	0,(Smax7219$max7219_posli$82)
      000128 00 02                  779 	.dw	2
      00012A 78                     780 	.db	120
      00012B 03                     781 	.sleb128	3
      00012C 00 00r00rA0            782 	.dw	0,(Smax7219$max7219_posli$78)
      000130 00 00r00rA4            783 	.dw	0,(Smax7219$max7219_posli$81)
      000134 00 02                  784 	.dw	2
      000136 78                     785 	.db	120
      000137 02                     786 	.sleb128	2
      000138 00 00r00r9B            787 	.dw	0,(Smax7219$max7219_posli$77)
      00013C 00 00r00rA0            788 	.dw	0,(Smax7219$max7219_posli$78)
      000140 00 02                  789 	.dw	2
      000142 78                     790 	.db	120
      000143 05                     791 	.sleb128	5
      000144 00 00r00r99            792 	.dw	0,(Smax7219$max7219_posli$76)
      000148 00 00r00r9B            793 	.dw	0,(Smax7219$max7219_posli$77)
      00014C 00 02                  794 	.dw	2
      00014E 78                     795 	.db	120
      00014F 04                     796 	.sleb128	4
      000150 00 00r00r97            797 	.dw	0,(Smax7219$max7219_posli$75)
      000154 00 00r00r99            798 	.dw	0,(Smax7219$max7219_posli$76)
      000158 00 02                  799 	.dw	2
      00015A 78                     800 	.db	120
      00015B 03                     801 	.sleb128	3
      00015C 00 00r00r95            802 	.dw	0,(Smax7219$max7219_posli$72)
      000160 00 00r00r97            803 	.dw	0,(Smax7219$max7219_posli$75)
      000164 00 02                  804 	.dw	2
      000166 78                     805 	.db	120
      000167 02                     806 	.sleb128	2
      000168 00 00r00r90            807 	.dw	0,(Smax7219$max7219_posli$71)
      00016C 00 00r00r95            808 	.dw	0,(Smax7219$max7219_posli$72)
      000170 00 02                  809 	.dw	2
      000172 78                     810 	.db	120
      000173 05                     811 	.sleb128	5
      000174 00 00r00r8E            812 	.dw	0,(Smax7219$max7219_posli$70)
      000178 00 00r00r90            813 	.dw	0,(Smax7219$max7219_posli$71)
      00017C 00 02                  814 	.dw	2
      00017E 78                     815 	.db	120
      00017F 04                     816 	.sleb128	4
      000180 00 00r00r8C            817 	.dw	0,(Smax7219$max7219_posli$69)
      000184 00 00r00r8E            818 	.dw	0,(Smax7219$max7219_posli$70)
      000188 00 02                  819 	.dw	2
      00018A 78                     820 	.db	120
      00018B 03                     821 	.sleb128	3
      00018C 00 00r00r87            822 	.dw	0,(Smax7219$max7219_posli$65)
      000190 00 00r00r8C            823 	.dw	0,(Smax7219$max7219_posli$69)
      000194 00 02                  824 	.dw	2
      000196 78                     825 	.db	120
      000197 02                     826 	.sleb128	2
      000198 00 00r00r82            827 	.dw	0,(Smax7219$max7219_posli$64)
      00019C 00 00r00r87            828 	.dw	0,(Smax7219$max7219_posli$65)
      0001A0 00 02                  829 	.dw	2
      0001A2 78                     830 	.db	120
      0001A3 05                     831 	.sleb128	5
      0001A4 00 00r00r80            832 	.dw	0,(Smax7219$max7219_posli$63)
      0001A8 00 00r00r82            833 	.dw	0,(Smax7219$max7219_posli$64)
      0001AC 00 02                  834 	.dw	2
      0001AE 78                     835 	.db	120
      0001AF 04                     836 	.sleb128	4
      0001B0 00 00r00r7E            837 	.dw	0,(Smax7219$max7219_posli$62)
      0001B4 00 00r00r80            838 	.dw	0,(Smax7219$max7219_posli$63)
      0001B8 00 02                  839 	.dw	2
      0001BA 78                     840 	.db	120
      0001BB 03                     841 	.sleb128	3
      0001BC 00 00r00r6B            842 	.dw	0,(Smax7219$max7219_posli$56)
      0001C0 00 00r00r7E            843 	.dw	0,(Smax7219$max7219_posli$62)
      0001C4 00 02                  844 	.dw	2
      0001C6 78                     845 	.db	120
      0001C7 02                     846 	.sleb128	2
      0001C8 00 00r00r66            847 	.dw	0,(Smax7219$max7219_posli$55)
      0001CC 00 00r00r6B            848 	.dw	0,(Smax7219$max7219_posli$56)
      0001D0 00 02                  849 	.dw	2
      0001D2 78                     850 	.db	120
      0001D3 05                     851 	.sleb128	5
      0001D4 00 00r00r64            852 	.dw	0,(Smax7219$max7219_posli$54)
      0001D8 00 00r00r66            853 	.dw	0,(Smax7219$max7219_posli$55)
      0001DC 00 02                  854 	.dw	2
      0001DE 78                     855 	.db	120
      0001DF 04                     856 	.sleb128	4
      0001E0 00 00r00r62            857 	.dw	0,(Smax7219$max7219_posli$53)
      0001E4 00 00r00r64            858 	.dw	0,(Smax7219$max7219_posli$54)
      0001E8 00 02                  859 	.dw	2
      0001EA 78                     860 	.db	120
      0001EB 03                     861 	.sleb128	3
      0001EC 00 00r00r5C            862 	.dw	0,(Smax7219$max7219_posli$50)
      0001F0 00 00r00r62            863 	.dw	0,(Smax7219$max7219_posli$53)
      0001F4 00 02                  864 	.dw	2
      0001F6 78                     865 	.db	120
      0001F7 02                     866 	.sleb128	2
      0001F8 00 00r00r57            867 	.dw	0,(Smax7219$max7219_posli$49)
      0001FC 00 00r00r5C            868 	.dw	0,(Smax7219$max7219_posli$50)
      000200 00 02                  869 	.dw	2
      000202 78                     870 	.db	120
      000203 05                     871 	.sleb128	5
      000204 00 00r00r55            872 	.dw	0,(Smax7219$max7219_posli$48)
      000208 00 00r00r57            873 	.dw	0,(Smax7219$max7219_posli$49)
      00020C 00 02                  874 	.dw	2
      00020E 78                     875 	.db	120
      00020F 04                     876 	.sleb128	4
      000210 00 00r00r53            877 	.dw	0,(Smax7219$max7219_posli$47)
      000214 00 00r00r55            878 	.dw	0,(Smax7219$max7219_posli$48)
      000218 00 02                  879 	.dw	2
      00021A 78                     880 	.db	120
      00021B 03                     881 	.sleb128	3
      00021C 00 00r00r51            882 	.dw	0,(Smax7219$max7219_posli$45)
      000220 00 00r00r53            883 	.dw	0,(Smax7219$max7219_posli$47)
      000224 00 02                  884 	.dw	2
      000226 78                     885 	.db	120
      000227 02                     886 	.sleb128	2
      000228 00 00r00r50            887 	.dw	0,(Smax7219$max7219_posli$44)
      00022C 00 00r00r51            888 	.dw	0,(Smax7219$max7219_posli$45)
      000230 00 02                  889 	.dw	2
      000232 78                     890 	.db	120
      000233 01                     891 	.sleb128	1
      000234 00 00 00 00            892 	.dw	0,0
      000238 00 00 00 00            893 	.dw	0,0
      00023C 00 00r00r4F            894 	.dw	0,(Smax7219$max7219_init$39)
      000240 00 00r00r50            895 	.dw	0,(Smax7219$max7219_init$42)
      000244 00 02                  896 	.dw	2
      000246 78                     897 	.db	120
      000247 01                     898 	.sleb128	1
      000248 00 00r00r4B            899 	.dw	0,(Smax7219$max7219_init$38)
      00024C 00 00r00r4F            900 	.dw	0,(Smax7219$max7219_init$39)
      000250 00 02                  901 	.dw	2
      000252 78                     902 	.db	120
      000253 03                     903 	.sleb128	3
      000254 00 00r00r49            904 	.dw	0,(Smax7219$max7219_init$37)
      000258 00 00r00r4B            905 	.dw	0,(Smax7219$max7219_init$38)
      00025C 00 02                  906 	.dw	2
      00025E 78                     907 	.db	120
      00025F 02                     908 	.sleb128	2
      000260 00 00r00r47            909 	.dw	0,(Smax7219$max7219_init$35)
      000264 00 00r00r49            910 	.dw	0,(Smax7219$max7219_init$37)
      000268 00 02                  911 	.dw	2
      00026A 78                     912 	.db	120
      00026B 01                     913 	.sleb128	1
      00026C 00 00r00r43            914 	.dw	0,(Smax7219$max7219_init$34)
      000270 00 00r00r47            915 	.dw	0,(Smax7219$max7219_init$35)
      000274 00 02                  916 	.dw	2
      000276 78                     917 	.db	120
      000277 03                     918 	.sleb128	3
      000278 00 00r00r41            919 	.dw	0,(Smax7219$max7219_init$33)
      00027C 00 00r00r43            920 	.dw	0,(Smax7219$max7219_init$34)
      000280 00 02                  921 	.dw	2
      000282 78                     922 	.db	120
      000283 02                     923 	.sleb128	2
      000284 00 00r00r3F            924 	.dw	0,(Smax7219$max7219_init$31)
      000288 00 00r00r41            925 	.dw	0,(Smax7219$max7219_init$33)
      00028C 00 02                  926 	.dw	2
      00028E 78                     927 	.db	120
      00028F 01                     928 	.sleb128	1
      000290 00 00r00r3B            929 	.dw	0,(Smax7219$max7219_init$30)
      000294 00 00r00r3F            930 	.dw	0,(Smax7219$max7219_init$31)
      000298 00 02                  931 	.dw	2
      00029A 78                     932 	.db	120
      00029B 03                     933 	.sleb128	3
      00029C 00 00r00r39            934 	.dw	0,(Smax7219$max7219_init$29)
      0002A0 00 00r00r3B            935 	.dw	0,(Smax7219$max7219_init$30)
      0002A4 00 02                  936 	.dw	2
      0002A6 78                     937 	.db	120
      0002A7 02                     938 	.sleb128	2
      0002A8 00 00r00r37            939 	.dw	0,(Smax7219$max7219_init$27)
      0002AC 00 00r00r39            940 	.dw	0,(Smax7219$max7219_init$29)
      0002B0 00 02                  941 	.dw	2
      0002B2 78                     942 	.db	120
      0002B3 01                     943 	.sleb128	1
      0002B4 00 00r00r33            944 	.dw	0,(Smax7219$max7219_init$26)
      0002B8 00 00r00r37            945 	.dw	0,(Smax7219$max7219_init$27)
      0002BC 00 02                  946 	.dw	2
      0002BE 78                     947 	.db	120
      0002BF 03                     948 	.sleb128	3
      0002C0 00 00r00r31            949 	.dw	0,(Smax7219$max7219_init$25)
      0002C4 00 00r00r33            950 	.dw	0,(Smax7219$max7219_init$26)
      0002C8 00 02                  951 	.dw	2
      0002CA 78                     952 	.db	120
      0002CB 02                     953 	.sleb128	2
      0002CC 00 00r00r2F            954 	.dw	0,(Smax7219$max7219_init$23)
      0002D0 00 00r00r31            955 	.dw	0,(Smax7219$max7219_init$25)
      0002D4 00 02                  956 	.dw	2
      0002D6 78                     957 	.db	120
      0002D7 01                     958 	.sleb128	1
      0002D8 00 00r00r2B            959 	.dw	0,(Smax7219$max7219_init$22)
      0002DC 00 00r00r2F            960 	.dw	0,(Smax7219$max7219_init$23)
      0002E0 00 02                  961 	.dw	2
      0002E2 78                     962 	.db	120
      0002E3 03                     963 	.sleb128	3
      0002E4 00 00r00r29            964 	.dw	0,(Smax7219$max7219_init$21)
      0002E8 00 00r00r2B            965 	.dw	0,(Smax7219$max7219_init$22)
      0002EC 00 02                  966 	.dw	2
      0002EE 78                     967 	.db	120
      0002EF 02                     968 	.sleb128	2
      0002F0 00 00r00r27            969 	.dw	0,(Smax7219$max7219_init$19)
      0002F4 00 00r00r29            970 	.dw	0,(Smax7219$max7219_init$21)
      0002F8 00 02                  971 	.dw	2
      0002FA 78                     972 	.db	120
      0002FB 01                     973 	.sleb128	1
      0002FC 00 00r00r22            974 	.dw	0,(Smax7219$max7219_init$18)
      000300 00 00r00r27            975 	.dw	0,(Smax7219$max7219_init$19)
      000304 00 02                  976 	.dw	2
      000306 78                     977 	.db	120
      000307 05                     978 	.sleb128	5
      000308 00 00r00r20            979 	.dw	0,(Smax7219$max7219_init$17)
      00030C 00 00r00r22            980 	.dw	0,(Smax7219$max7219_init$18)
      000310 00 02                  981 	.dw	2
      000312 78                     982 	.db	120
      000313 04                     983 	.sleb128	4
      000314 00 00r00r1E            984 	.dw	0,(Smax7219$max7219_init$16)
      000318 00 00r00r20            985 	.dw	0,(Smax7219$max7219_init$17)
      00031C 00 02                  986 	.dw	2
      00031E 78                     987 	.db	120
      00031F 03                     988 	.sleb128	3
      000320 00 00r00r1C            989 	.dw	0,(Smax7219$max7219_init$15)
      000324 00 00r00r1E            990 	.dw	0,(Smax7219$max7219_init$16)
      000328 00 02                  991 	.dw	2
      00032A 78                     992 	.db	120
      00032B 02                     993 	.sleb128	2
      00032C 00 00r00r1A            994 	.dw	0,(Smax7219$max7219_init$13)
      000330 00 00r00r1C            995 	.dw	0,(Smax7219$max7219_init$15)
      000334 00 02                  996 	.dw	2
      000336 78                     997 	.db	120
      000337 01                     998 	.sleb128	1
      000338 00 00r00r15            999 	.dw	0,(Smax7219$max7219_init$12)
      00033C 00 00r00r1A           1000 	.dw	0,(Smax7219$max7219_init$13)
      000340 00 02                 1001 	.dw	2
      000342 78                    1002 	.db	120
      000343 05                    1003 	.sleb128	5
      000344 00 00r00r13           1004 	.dw	0,(Smax7219$max7219_init$11)
      000348 00 00r00r15           1005 	.dw	0,(Smax7219$max7219_init$12)
      00034C 00 02                 1006 	.dw	2
      00034E 78                    1007 	.db	120
      00034F 04                    1008 	.sleb128	4
      000350 00 00r00r11           1009 	.dw	0,(Smax7219$max7219_init$10)
      000354 00 00r00r13           1010 	.dw	0,(Smax7219$max7219_init$11)
      000358 00 02                 1011 	.dw	2
      00035A 78                    1012 	.db	120
      00035B 03                    1013 	.sleb128	3
      00035C 00 00r00r0F           1014 	.dw	0,(Smax7219$max7219_init$9)
      000360 00 00r00r11           1015 	.dw	0,(Smax7219$max7219_init$10)
      000364 00 02                 1016 	.dw	2
      000366 78                    1017 	.db	120
      000367 02                    1018 	.sleb128	2
      000368 00 00r00r0D           1019 	.dw	0,(Smax7219$max7219_init$7)
      00036C 00 00r00r0F           1020 	.dw	0,(Smax7219$max7219_init$9)
      000370 00 02                 1021 	.dw	2
      000372 78                    1022 	.db	120
      000373 01                    1023 	.sleb128	1
      000374 00 00r00r08           1024 	.dw	0,(Smax7219$max7219_init$6)
      000378 00 00r00r0D           1025 	.dw	0,(Smax7219$max7219_init$7)
      00037C 00 02                 1026 	.dw	2
      00037E 78                    1027 	.db	120
      00037F 05                    1028 	.sleb128	5
      000380 00 00r00r06           1029 	.dw	0,(Smax7219$max7219_init$5)
      000384 00 00r00r08           1030 	.dw	0,(Smax7219$max7219_init$6)
      000388 00 02                 1031 	.dw	2
      00038A 78                    1032 	.db	120
      00038B 04                    1033 	.sleb128	4
      00038C 00 00r00r04           1034 	.dw	0,(Smax7219$max7219_init$4)
      000390 00 00r00r06           1035 	.dw	0,(Smax7219$max7219_init$5)
      000394 00 02                 1036 	.dw	2
      000396 78                    1037 	.db	120
      000397 03                    1038 	.sleb128	3
      000398 00 00r00r02           1039 	.dw	0,(Smax7219$max7219_init$3)
      00039C 00 00r00r04           1040 	.dw	0,(Smax7219$max7219_init$4)
      0003A0 00 02                 1041 	.dw	2
      0003A2 78                    1042 	.db	120
      0003A3 02                    1043 	.sleb128	2
      0003A4 00 00r00r00           1044 	.dw	0,(Smax7219$max7219_init$1)
      0003A8 00 00r00r02           1045 	.dw	0,(Smax7219$max7219_init$3)
      0003AC 00 02                 1046 	.dw	2
      0003AE 78                    1047 	.db	120
      0003AF 01                    1048 	.sleb128	1
      0003B0 00 00 00 00           1049 	.dw	0,0
      0003B4 00 00 00 00           1050 	.dw	0,0
                                   1051 
                                   1052 	.area .debug_abbrev (NOLOAD)
      000000                       1053 Ldebug_abbrev:
      000000 04                    1054 	.uleb128	4
      000001 05                    1055 	.uleb128	5
      000002 00                    1056 	.db	0
      000003 02                    1057 	.uleb128	2
      000004 0A                    1058 	.uleb128	10
      000005 03                    1059 	.uleb128	3
      000006 08                    1060 	.uleb128	8
      000007 49                    1061 	.uleb128	73
      000008 13                    1062 	.uleb128	19
      000009 00                    1063 	.uleb128	0
      00000A 00                    1064 	.uleb128	0
      00000B 03                    1065 	.uleb128	3
      00000C 2E                    1066 	.uleb128	46
      00000D 01                    1067 	.db	1
      00000E 01                    1068 	.uleb128	1
      00000F 13                    1069 	.uleb128	19
      000010 03                    1070 	.uleb128	3
      000011 08                    1071 	.uleb128	8
      000012 11                    1072 	.uleb128	17
      000013 01                    1073 	.uleb128	1
      000014 12                    1074 	.uleb128	18
      000015 01                    1075 	.uleb128	1
      000016 3F                    1076 	.uleb128	63
      000017 0C                    1077 	.uleb128	12
      000018 40                    1078 	.uleb128	64
      000019 06                    1079 	.uleb128	6
      00001A 00                    1080 	.uleb128	0
      00001B 00                    1081 	.uleb128	0
      00001C 07                    1082 	.uleb128	7
      00001D 34                    1083 	.uleb128	52
      00001E 00                    1084 	.db	0
      00001F 02                    1085 	.uleb128	2
      000020 0A                    1086 	.uleb128	10
      000021 03                    1087 	.uleb128	3
      000022 08                    1088 	.uleb128	8
      000023 49                    1089 	.uleb128	73
      000024 13                    1090 	.uleb128	19
      000025 00                    1091 	.uleb128	0
      000026 00                    1092 	.uleb128	0
      000027 01                    1093 	.uleb128	1
      000028 11                    1094 	.uleb128	17
      000029 01                    1095 	.db	1
      00002A 03                    1096 	.uleb128	3
      00002B 08                    1097 	.uleb128	8
      00002C 10                    1098 	.uleb128	16
      00002D 06                    1099 	.uleb128	6
      00002E 13                    1100 	.uleb128	19
      00002F 0B                    1101 	.uleb128	11
      000030 25                    1102 	.uleb128	37
      000031 08                    1103 	.uleb128	8
      000032 00                    1104 	.uleb128	0
      000033 00                    1105 	.uleb128	0
      000034 06                    1106 	.uleb128	6
      000035 0B                    1107 	.uleb128	11
      000036 00                    1108 	.db	0
      000037 11                    1109 	.uleb128	17
      000038 01                    1110 	.uleb128	1
      000039 12                    1111 	.uleb128	18
      00003A 01                    1112 	.uleb128	1
      00003B 00                    1113 	.uleb128	0
      00003C 00                    1114 	.uleb128	0
      00003D 02                    1115 	.uleb128	2
      00003E 2E                    1116 	.uleb128	46
      00003F 00                    1117 	.db	0
      000040 03                    1118 	.uleb128	3
      000041 08                    1119 	.uleb128	8
      000042 11                    1120 	.uleb128	17
      000043 01                    1121 	.uleb128	1
      000044 12                    1122 	.uleb128	18
      000045 01                    1123 	.uleb128	1
      000046 3F                    1124 	.uleb128	63
      000047 0C                    1125 	.uleb128	12
      000048 40                    1126 	.uleb128	64
      000049 06                    1127 	.uleb128	6
      00004A 00                    1128 	.uleb128	0
      00004B 00                    1129 	.uleb128	0
      00004C 05                    1130 	.uleb128	5
      00004D 0B                    1131 	.uleb128	11
      00004E 01                    1132 	.db	1
      00004F 01                    1133 	.uleb128	1
      000050 13                    1134 	.uleb128	19
      000051 11                    1135 	.uleb128	17
      000052 01                    1136 	.uleb128	1
      000053 12                    1137 	.uleb128	18
      000054 01                    1138 	.uleb128	1
      000055 00                    1139 	.uleb128	0
      000056 00                    1140 	.uleb128	0
      000057 08                    1141 	.uleb128	8
      000058 24                    1142 	.uleb128	36
      000059 00                    1143 	.db	0
      00005A 03                    1144 	.uleb128	3
      00005B 08                    1145 	.uleb128	8
      00005C 0B                    1146 	.uleb128	11
      00005D 0B                    1147 	.uleb128	11
      00005E 3E                    1148 	.uleb128	62
      00005F 0B                    1149 	.uleb128	11
      000060 00                    1150 	.uleb128	0
      000061 00                    1151 	.uleb128	0
      000062 00                    1152 	.uleb128	0
                                   1153 
                                   1154 	.area .debug_info (NOLOAD)
      000000 00 00 00 F1           1155 	.dw	0,Ldebug_info_end-Ldebug_info_start
      000004                       1156 Ldebug_info_start:
      000004 00 02                 1157 	.dw	2
      000006 00 00r00r00           1158 	.dw	0,(Ldebug_abbrev)
      00000A 04                    1159 	.db	4
      00000B 01                    1160 	.uleb128	1
      00000C 2E 2F 73 72 63 2F 6D  1161 	.ascii "./src/max7219.c"
             61 78 37 32 31 39 2E
             63
      00001B 00                    1162 	.db	0
      00001C 00 00r00r00           1163 	.dw	0,(Ldebug_line_start+-4)
      000020 01                    1164 	.db	1
      000021 53 44 43 43 20 76 65  1165 	.ascii "SDCC version 4.1.0 #12072"
             72 73 69 6F 6E 20 34
             2E 31 2E 30 20 23 31
             32 30 37 32
      00003A 00                    1166 	.db	0
      00003B 02                    1167 	.uleb128	2
      00003C 6D 61 78 37 32 31 39  1168 	.ascii "max7219_init"
             5F 69 6E 69 74
      000048 00                    1169 	.db	0
      000049 00 00r00r00           1170 	.dw	0,(_max7219_init)
      00004D 00 00r00r50           1171 	.dw	0,(XG$max7219_init$0$0+1)
      000051 01                    1172 	.db	1
      000052 00 00r02r3C           1173 	.dw	0,(Ldebug_loc_start+572)
      000056 03                    1174 	.uleb128	3
      000057 00 00 00 E1           1175 	.dw	0,225
      00005B 6D 61 78 37 32 31 39  1176 	.ascii "max7219_posli"
             5F 70 6F 73 6C 69
      000068 00                    1177 	.db	0
      000069 00 00r00r50           1178 	.dw	0,(_max7219_posli)
      00006D 00 00r01r06           1179 	.dw	0,(XG$max7219_posli$0$0+1)
      000071 01                    1180 	.db	1
      000072 00 00r00r00           1181 	.dw	0,(Ldebug_loc_start)
      000076 04                    1182 	.uleb128	4
      000077 02                    1183 	.db	2
      000078 91                    1184 	.db	145
      000079 02                    1185 	.sleb128	2
      00007A 61 64 72 65 73 61     1186 	.ascii "adresa"
      000080 00                    1187 	.db	0
      000081 00 00 00 E1           1188 	.dw	0,225
      000085 04                    1189 	.uleb128	4
      000086 02                    1190 	.db	2
      000087 91                    1191 	.db	145
      000088 03                    1192 	.sleb128	3
      000089 64 61 74 61           1193 	.ascii "data"
      00008D 00                    1194 	.db	0
      00008E 00 00 00 E1           1195 	.dw	0,225
      000092 05                    1196 	.uleb128	5
      000093 00 00 00 B2           1197 	.dw	0,178
      000097 00 00r00r72           1198 	.dw	0,(Smax7219$max7219_posli$58)
      00009B 00 00r00rAD           1199 	.dw	0,(Smax7219$max7219_posli$85)
      00009F 06                    1200 	.uleb128	6
      0000A0 00 00r00r7C           1201 	.dw	0,(Smax7219$max7219_posli$60)
      0000A4 00 00r00r87           1202 	.dw	0,(Smax7219$max7219_posli$66)
      0000A8 06                    1203 	.uleb128	6
      0000A9 00 00r00r8A           1204 	.dw	0,(Smax7219$max7219_posli$67)
      0000AD 00 00r00r95           1205 	.dw	0,(Smax7219$max7219_posli$73)
      0000B1 00                    1206 	.uleb128	0
      0000B2 05                    1207 	.uleb128	5
      0000B3 00 00 00 D2           1208 	.dw	0,210
      0000B7 00 00r00rBB           1209 	.dw	0,(Smax7219$max7219_posli$88)
      0000BB 00 00r00rF6           1210 	.dw	0,(Smax7219$max7219_posli$115)
      0000BF 06                    1211 	.uleb128	6
      0000C0 00 00r00rC5           1212 	.dw	0,(Smax7219$max7219_posli$90)
      0000C4 00 00r00rD0           1213 	.dw	0,(Smax7219$max7219_posli$96)
      0000C8 06                    1214 	.uleb128	6
      0000C9 00 00r00rD3           1215 	.dw	0,(Smax7219$max7219_posli$97)
      0000CD 00 00r00rDE           1216 	.dw	0,(Smax7219$max7219_posli$103)
      0000D1 00                    1217 	.uleb128	0
      0000D2 07                    1218 	.uleb128	7
      0000D3 02                    1219 	.db	2
      0000D4 91                    1220 	.db	145
      0000D5 7F                    1221 	.sleb128	-1
      0000D6 6D 61 73 6B 61        1222 	.ascii "maska"
      0000DB 00                    1223 	.db	0
      0000DC 00 00 00 E1           1224 	.dw	0,225
      0000E0 00                    1225 	.uleb128	0
      0000E1 08                    1226 	.uleb128	8
      0000E2 75 6E 73 69 67 6E 65  1227 	.ascii "unsigned char"
             64 20 63 68 61 72
      0000EF 00                    1228 	.db	0
      0000F0 01                    1229 	.db	1
      0000F1 08                    1230 	.db	8
      0000F2 00                    1231 	.uleb128	0
      0000F3 00                    1232 	.uleb128	0
      0000F4 00                    1233 	.uleb128	0
      0000F5                       1234 Ldebug_info_end:
                                   1235 
                                   1236 	.area .debug_pubnames (NOLOAD)
      000000 00 00 00 31           1237 	.dw	0,Ldebug_pubnames_end-Ldebug_pubnames_start
      000004                       1238 Ldebug_pubnames_start:
      000004 00 02                 1239 	.dw	2
      000006 00 00r00r00           1240 	.dw	0,(Ldebug_info_start-4)
      00000A 00 00 00 F5           1241 	.dw	0,4+Ldebug_info_end-Ldebug_info_start
      00000E 00 00 00 3B           1242 	.dw	0,59
      000012 6D 61 78 37 32 31 39  1243 	.ascii "max7219_init"
             5F 69 6E 69 74
      00001E 00                    1244 	.db	0
      00001F 00 00 00 56           1245 	.dw	0,86
      000023 6D 61 78 37 32 31 39  1246 	.ascii "max7219_posli"
             5F 70 6F 73 6C 69
      000030 00                    1247 	.db	0
      000031 00 00 00 00           1248 	.dw	0,0
      000035                       1249 Ldebug_pubnames_end:
                                   1250 
                                   1251 	.area .debug_frame (NOLOAD)
      000000 00 00                 1252 	.dw	0
      000002 00 0E                 1253 	.dw	Ldebug_CIE0_end-Ldebug_CIE0_start
      000004                       1254 Ldebug_CIE0_start:
      000004 FF FF                 1255 	.dw	0xffff
      000006 FF FF                 1256 	.dw	0xffff
      000008 01                    1257 	.db	1
      000009 00                    1258 	.db	0
      00000A 01                    1259 	.uleb128	1
      00000B 7F                    1260 	.sleb128	-1
      00000C 09                    1261 	.db	9
      00000D 0C                    1262 	.db	12
      00000E 08                    1263 	.uleb128	8
      00000F 02                    1264 	.uleb128	2
      000010 89                    1265 	.db	137
      000011 01                    1266 	.uleb128	1
      000012                       1267 Ldebug_CIE0_end:
      000012 00 00 01 55           1268 	.dw	0,341
      000016 00 00r00r00           1269 	.dw	0,(Ldebug_CIE0_start-4)
      00001A 00 00r00r50           1270 	.dw	0,(Smax7219$max7219_posli$44)	;initial loc
      00001E 00 00 00 B6           1271 	.dw	0,Smax7219$max7219_posli$124-Smax7219$max7219_posli$44
      000022 01                    1272 	.db	1
      000023 00 00r00r50           1273 	.dw	0,(Smax7219$max7219_posli$44)
      000027 0E                    1274 	.db	14
      000028 02                    1275 	.uleb128	2
      000029 01                    1276 	.db	1
      00002A 00 00r00r51           1277 	.dw	0,(Smax7219$max7219_posli$45)
      00002E 0E                    1278 	.db	14
      00002F 03                    1279 	.uleb128	3
      000030 01                    1280 	.db	1
      000031 00 00r00r53           1281 	.dw	0,(Smax7219$max7219_posli$47)
      000035 0E                    1282 	.db	14
      000036 04                    1283 	.uleb128	4
      000037 01                    1284 	.db	1
      000038 00 00r00r55           1285 	.dw	0,(Smax7219$max7219_posli$48)
      00003C 0E                    1286 	.db	14
      00003D 05                    1287 	.uleb128	5
      00003E 01                    1288 	.db	1
      00003F 00 00r00r57           1289 	.dw	0,(Smax7219$max7219_posli$49)
      000043 0E                    1290 	.db	14
      000044 06                    1291 	.uleb128	6
      000045 01                    1292 	.db	1
      000046 00 00r00r5C           1293 	.dw	0,(Smax7219$max7219_posli$50)
      00004A 0E                    1294 	.db	14
      00004B 03                    1295 	.uleb128	3
      00004C 01                    1296 	.db	1
      00004D 00 00r00r62           1297 	.dw	0,(Smax7219$max7219_posli$53)
      000051 0E                    1298 	.db	14
      000052 04                    1299 	.uleb128	4
      000053 01                    1300 	.db	1
      000054 00 00r00r64           1301 	.dw	0,(Smax7219$max7219_posli$54)
      000058 0E                    1302 	.db	14
      000059 05                    1303 	.uleb128	5
      00005A 01                    1304 	.db	1
      00005B 00 00r00r66           1305 	.dw	0,(Smax7219$max7219_posli$55)
      00005F 0E                    1306 	.db	14
      000060 06                    1307 	.uleb128	6
      000061 01                    1308 	.db	1
      000062 00 00r00r6B           1309 	.dw	0,(Smax7219$max7219_posli$56)
      000066 0E                    1310 	.db	14
      000067 03                    1311 	.uleb128	3
      000068 01                    1312 	.db	1
      000069 00 00r00r7E           1313 	.dw	0,(Smax7219$max7219_posli$62)
      00006D 0E                    1314 	.db	14
      00006E 04                    1315 	.uleb128	4
      00006F 01                    1316 	.db	1
      000070 00 00r00r80           1317 	.dw	0,(Smax7219$max7219_posli$63)
      000074 0E                    1318 	.db	14
      000075 05                    1319 	.uleb128	5
      000076 01                    1320 	.db	1
      000077 00 00r00r82           1321 	.dw	0,(Smax7219$max7219_posli$64)
      00007B 0E                    1322 	.db	14
      00007C 06                    1323 	.uleb128	6
      00007D 01                    1324 	.db	1
      00007E 00 00r00r87           1325 	.dw	0,(Smax7219$max7219_posli$65)
      000082 0E                    1326 	.db	14
      000083 03                    1327 	.uleb128	3
      000084 01                    1328 	.db	1
      000085 00 00r00r8C           1329 	.dw	0,(Smax7219$max7219_posli$69)
      000089 0E                    1330 	.db	14
      00008A 04                    1331 	.uleb128	4
      00008B 01                    1332 	.db	1
      00008C 00 00r00r8E           1333 	.dw	0,(Smax7219$max7219_posli$70)
      000090 0E                    1334 	.db	14
      000091 05                    1335 	.uleb128	5
      000092 01                    1336 	.db	1
      000093 00 00r00r90           1337 	.dw	0,(Smax7219$max7219_posli$71)
      000097 0E                    1338 	.db	14
      000098 06                    1339 	.uleb128	6
      000099 01                    1340 	.db	1
      00009A 00 00r00r95           1341 	.dw	0,(Smax7219$max7219_posli$72)
      00009E 0E                    1342 	.db	14
      00009F 03                    1343 	.uleb128	3
      0000A0 01                    1344 	.db	1
      0000A1 00 00r00r97           1345 	.dw	0,(Smax7219$max7219_posli$75)
      0000A5 0E                    1346 	.db	14
      0000A6 04                    1347 	.uleb128	4
      0000A7 01                    1348 	.db	1
      0000A8 00 00r00r99           1349 	.dw	0,(Smax7219$max7219_posli$76)
      0000AC 0E                    1350 	.db	14
      0000AD 05                    1351 	.uleb128	5
      0000AE 01                    1352 	.db	1
      0000AF 00 00r00r9B           1353 	.dw	0,(Smax7219$max7219_posli$77)
      0000B3 0E                    1354 	.db	14
      0000B4 06                    1355 	.uleb128	6
      0000B5 01                    1356 	.db	1
      0000B6 00 00r00rA0           1357 	.dw	0,(Smax7219$max7219_posli$78)
      0000BA 0E                    1358 	.db	14
      0000BB 03                    1359 	.uleb128	3
      0000BC 01                    1360 	.db	1
      0000BD 00 00r00rA4           1361 	.dw	0,(Smax7219$max7219_posli$81)
      0000C1 0E                    1362 	.db	14
      0000C2 04                    1363 	.uleb128	4
      0000C3 01                    1364 	.db	1
      0000C4 00 00r00rA6           1365 	.dw	0,(Smax7219$max7219_posli$82)
      0000C8 0E                    1366 	.db	14
      0000C9 05                    1367 	.uleb128	5
      0000CA 01                    1368 	.db	1
      0000CB 00 00r00rA8           1369 	.dw	0,(Smax7219$max7219_posli$83)
      0000CF 0E                    1370 	.db	14
      0000D0 06                    1371 	.uleb128	6
      0000D1 01                    1372 	.db	1
      0000D2 00 00r00rAD           1373 	.dw	0,(Smax7219$max7219_posli$84)
      0000D6 0E                    1374 	.db	14
      0000D7 03                    1375 	.uleb128	3
      0000D8 01                    1376 	.db	1
      0000D9 00 00r00rC7           1377 	.dw	0,(Smax7219$max7219_posli$92)
      0000DD 0E                    1378 	.db	14
      0000DE 04                    1379 	.uleb128	4
      0000DF 01                    1380 	.db	1
      0000E0 00 00r00rC9           1381 	.dw	0,(Smax7219$max7219_posli$93)
      0000E4 0E                    1382 	.db	14
      0000E5 05                    1383 	.uleb128	5
      0000E6 01                    1384 	.db	1
      0000E7 00 00r00rCB           1385 	.dw	0,(Smax7219$max7219_posli$94)
      0000EB 0E                    1386 	.db	14
      0000EC 06                    1387 	.uleb128	6
      0000ED 01                    1388 	.db	1
      0000EE 00 00r00rD0           1389 	.dw	0,(Smax7219$max7219_posli$95)
      0000F2 0E                    1390 	.db	14
      0000F3 03                    1391 	.uleb128	3
      0000F4 01                    1392 	.db	1
      0000F5 00 00r00rD5           1393 	.dw	0,(Smax7219$max7219_posli$99)
      0000F9 0E                    1394 	.db	14
      0000FA 04                    1395 	.uleb128	4
      0000FB 01                    1396 	.db	1
      0000FC 00 00r00rD7           1397 	.dw	0,(Smax7219$max7219_posli$100)
      000100 0E                    1398 	.db	14
      000101 05                    1399 	.uleb128	5
      000102 01                    1400 	.db	1
      000103 00 00r00rD9           1401 	.dw	0,(Smax7219$max7219_posli$101)
      000107 0E                    1402 	.db	14
      000108 06                    1403 	.uleb128	6
      000109 01                    1404 	.db	1
      00010A 00 00r00rDE           1405 	.dw	0,(Smax7219$max7219_posli$102)
      00010E 0E                    1406 	.db	14
      00010F 03                    1407 	.uleb128	3
      000110 01                    1408 	.db	1
      000111 00 00r00rE0           1409 	.dw	0,(Smax7219$max7219_posli$105)
      000115 0E                    1410 	.db	14
      000116 04                    1411 	.uleb128	4
      000117 01                    1412 	.db	1
      000118 00 00r00rE2           1413 	.dw	0,(Smax7219$max7219_posli$106)
      00011C 0E                    1414 	.db	14
      00011D 05                    1415 	.uleb128	5
      00011E 01                    1416 	.db	1
      00011F 00 00r00rE4           1417 	.dw	0,(Smax7219$max7219_posli$107)
      000123 0E                    1418 	.db	14
      000124 06                    1419 	.uleb128	6
      000125 01                    1420 	.db	1
      000126 00 00r00rE9           1421 	.dw	0,(Smax7219$max7219_posli$108)
      00012A 0E                    1422 	.db	14
      00012B 03                    1423 	.uleb128	3
      00012C 01                    1424 	.db	1
      00012D 00 00r00rED           1425 	.dw	0,(Smax7219$max7219_posli$111)
      000131 0E                    1426 	.db	14
      000132 04                    1427 	.uleb128	4
      000133 01                    1428 	.db	1
      000134 00 00r00rEF           1429 	.dw	0,(Smax7219$max7219_posli$112)
      000138 0E                    1430 	.db	14
      000139 05                    1431 	.uleb128	5
      00013A 01                    1432 	.db	1
      00013B 00 00r00rF1           1433 	.dw	0,(Smax7219$max7219_posli$113)
      00013F 0E                    1434 	.db	14
      000140 06                    1435 	.uleb128	6
      000141 01                    1436 	.db	1
      000142 00 00r00rF6           1437 	.dw	0,(Smax7219$max7219_posli$114)
      000146 0E                    1438 	.db	14
      000147 03                    1439 	.uleb128	3
      000148 01                    1440 	.db	1
      000149 00 00r00rFB           1441 	.dw	0,(Smax7219$max7219_posli$117)
      00014D 0E                    1442 	.db	14
      00014E 04                    1443 	.uleb128	4
      00014F 01                    1444 	.db	1
      000150 00 00r00rFD           1445 	.dw	0,(Smax7219$max7219_posli$118)
      000154 0E                    1446 	.db	14
      000155 05                    1447 	.uleb128	5
      000156 01                    1448 	.db	1
      000157 00 00r00rFF           1449 	.dw	0,(Smax7219$max7219_posli$119)
      00015B 0E                    1450 	.db	14
      00015C 06                    1451 	.uleb128	6
      00015D 01                    1452 	.db	1
      00015E 00 00r01r04           1453 	.dw	0,(Smax7219$max7219_posli$120)
      000162 0E                    1454 	.db	14
      000163 03                    1455 	.uleb128	3
      000164 01                    1456 	.db	1
      000165 00 00r01r05           1457 	.dw	0,(Smax7219$max7219_posli$122)
      000169 0E                    1458 	.db	14
      00016A 02                    1459 	.uleb128	2
                                   1460 
                                   1461 	.area .debug_frame (NOLOAD)
      00016B 00 00                 1462 	.dw	0
      00016D 00 0E                 1463 	.dw	Ldebug_CIE1_end-Ldebug_CIE1_start
      00016F                       1464 Ldebug_CIE1_start:
      00016F FF FF                 1465 	.dw	0xffff
      000171 FF FF                 1466 	.dw	0xffff
      000173 01                    1467 	.db	1
      000174 00                    1468 	.db	0
      000175 01                    1469 	.uleb128	1
      000176 7F                    1470 	.sleb128	-1
      000177 09                    1471 	.db	9
      000178 0C                    1472 	.db	12
      000179 08                    1473 	.uleb128	8
      00017A 02                    1474 	.uleb128	2
      00017B 89                    1475 	.db	137
      00017C 01                    1476 	.uleb128	1
      00017D                       1477 Ldebug_CIE1_end:
      00017D 00 00 00 E5           1478 	.dw	0,229
      000181 00 00r01r6B           1479 	.dw	0,(Ldebug_CIE1_start-4)
      000185 00 00r00r00           1480 	.dw	0,(Smax7219$max7219_init$1)	;initial loc
      000189 00 00 00 50           1481 	.dw	0,Smax7219$max7219_init$42-Smax7219$max7219_init$1
      00018D 01                    1482 	.db	1
      00018E 00 00r00r00           1483 	.dw	0,(Smax7219$max7219_init$1)
      000192 0E                    1484 	.db	14
      000193 02                    1485 	.uleb128	2
      000194 01                    1486 	.db	1
      000195 00 00r00r02           1487 	.dw	0,(Smax7219$max7219_init$3)
      000199 0E                    1488 	.db	14
      00019A 03                    1489 	.uleb128	3
      00019B 01                    1490 	.db	1
      00019C 00 00r00r04           1491 	.dw	0,(Smax7219$max7219_init$4)
      0001A0 0E                    1492 	.db	14
      0001A1 04                    1493 	.uleb128	4
      0001A2 01                    1494 	.db	1
      0001A3 00 00r00r06           1495 	.dw	0,(Smax7219$max7219_init$5)
      0001A7 0E                    1496 	.db	14
      0001A8 05                    1497 	.uleb128	5
      0001A9 01                    1498 	.db	1
      0001AA 00 00r00r08           1499 	.dw	0,(Smax7219$max7219_init$6)
      0001AE 0E                    1500 	.db	14
      0001AF 06                    1501 	.uleb128	6
      0001B0 01                    1502 	.db	1
      0001B1 00 00r00r0D           1503 	.dw	0,(Smax7219$max7219_init$7)
      0001B5 0E                    1504 	.db	14
      0001B6 02                    1505 	.uleb128	2
      0001B7 01                    1506 	.db	1
      0001B8 00 00r00r0F           1507 	.dw	0,(Smax7219$max7219_init$9)
      0001BC 0E                    1508 	.db	14
      0001BD 03                    1509 	.uleb128	3
      0001BE 01                    1510 	.db	1
      0001BF 00 00r00r11           1511 	.dw	0,(Smax7219$max7219_init$10)
      0001C3 0E                    1512 	.db	14
      0001C4 04                    1513 	.uleb128	4
      0001C5 01                    1514 	.db	1
      0001C6 00 00r00r13           1515 	.dw	0,(Smax7219$max7219_init$11)
      0001CA 0E                    1516 	.db	14
      0001CB 05                    1517 	.uleb128	5
      0001CC 01                    1518 	.db	1
      0001CD 00 00r00r15           1519 	.dw	0,(Smax7219$max7219_init$12)
      0001D1 0E                    1520 	.db	14
      0001D2 06                    1521 	.uleb128	6
      0001D3 01                    1522 	.db	1
      0001D4 00 00r00r1A           1523 	.dw	0,(Smax7219$max7219_init$13)
      0001D8 0E                    1524 	.db	14
      0001D9 02                    1525 	.uleb128	2
      0001DA 01                    1526 	.db	1
      0001DB 00 00r00r1C           1527 	.dw	0,(Smax7219$max7219_init$15)
      0001DF 0E                    1528 	.db	14
      0001E0 03                    1529 	.uleb128	3
      0001E1 01                    1530 	.db	1
      0001E2 00 00r00r1E           1531 	.dw	0,(Smax7219$max7219_init$16)
      0001E6 0E                    1532 	.db	14
      0001E7 04                    1533 	.uleb128	4
      0001E8 01                    1534 	.db	1
      0001E9 00 00r00r20           1535 	.dw	0,(Smax7219$max7219_init$17)
      0001ED 0E                    1536 	.db	14
      0001EE 05                    1537 	.uleb128	5
      0001EF 01                    1538 	.db	1
      0001F0 00 00r00r22           1539 	.dw	0,(Smax7219$max7219_init$18)
      0001F4 0E                    1540 	.db	14
      0001F5 06                    1541 	.uleb128	6
      0001F6 01                    1542 	.db	1
      0001F7 00 00r00r27           1543 	.dw	0,(Smax7219$max7219_init$19)
      0001FB 0E                    1544 	.db	14
      0001FC 02                    1545 	.uleb128	2
      0001FD 01                    1546 	.db	1
      0001FE 00 00r00r29           1547 	.dw	0,(Smax7219$max7219_init$21)
      000202 0E                    1548 	.db	14
      000203 03                    1549 	.uleb128	3
      000204 01                    1550 	.db	1
      000205 00 00r00r2B           1551 	.dw	0,(Smax7219$max7219_init$22)
      000209 0E                    1552 	.db	14
      00020A 04                    1553 	.uleb128	4
      00020B 01                    1554 	.db	1
      00020C 00 00r00r2F           1555 	.dw	0,(Smax7219$max7219_init$23)
      000210 0E                    1556 	.db	14
      000211 02                    1557 	.uleb128	2
      000212 01                    1558 	.db	1
      000213 00 00r00r31           1559 	.dw	0,(Smax7219$max7219_init$25)
      000217 0E                    1560 	.db	14
      000218 03                    1561 	.uleb128	3
      000219 01                    1562 	.db	1
      00021A 00 00r00r33           1563 	.dw	0,(Smax7219$max7219_init$26)
      00021E 0E                    1564 	.db	14
      00021F 04                    1565 	.uleb128	4
      000220 01                    1566 	.db	1
      000221 00 00r00r37           1567 	.dw	0,(Smax7219$max7219_init$27)
      000225 0E                    1568 	.db	14
      000226 02                    1569 	.uleb128	2
      000227 01                    1570 	.db	1
      000228 00 00r00r39           1571 	.dw	0,(Smax7219$max7219_init$29)
      00022C 0E                    1572 	.db	14
      00022D 03                    1573 	.uleb128	3
      00022E 01                    1574 	.db	1
      00022F 00 00r00r3B           1575 	.dw	0,(Smax7219$max7219_init$30)
      000233 0E                    1576 	.db	14
      000234 04                    1577 	.uleb128	4
      000235 01                    1578 	.db	1
      000236 00 00r00r3F           1579 	.dw	0,(Smax7219$max7219_init$31)
      00023A 0E                    1580 	.db	14
      00023B 02                    1581 	.uleb128	2
      00023C 01                    1582 	.db	1
      00023D 00 00r00r41           1583 	.dw	0,(Smax7219$max7219_init$33)
      000241 0E                    1584 	.db	14
      000242 03                    1585 	.uleb128	3
      000243 01                    1586 	.db	1
      000244 00 00r00r43           1587 	.dw	0,(Smax7219$max7219_init$34)
      000248 0E                    1588 	.db	14
      000249 04                    1589 	.uleb128	4
      00024A 01                    1590 	.db	1
      00024B 00 00r00r47           1591 	.dw	0,(Smax7219$max7219_init$35)
      00024F 0E                    1592 	.db	14
      000250 02                    1593 	.uleb128	2
      000251 01                    1594 	.db	1
      000252 00 00r00r49           1595 	.dw	0,(Smax7219$max7219_init$37)
      000256 0E                    1596 	.db	14
      000257 03                    1597 	.uleb128	3
      000258 01                    1598 	.db	1
      000259 00 00r00r4B           1599 	.dw	0,(Smax7219$max7219_init$38)
      00025D 0E                    1600 	.db	14
      00025E 04                    1601 	.uleb128	4
      00025F 01                    1602 	.db	1
      000260 00 00r00r4F           1603 	.dw	0,(Smax7219$max7219_init$39)
      000264 0E                    1604 	.db	14
      000265 02                    1605 	.uleb128	2
