                                      1 ;--------------------------------------------------------
                                      2 ; File Created by SDCC : free open source ANSI-C Compiler
                                      3 ; Version 4.1.0 #12072 (MINGW64)
                                      4 ;--------------------------------------------------------
                                      5 	.module swspi
                                      6 	.optsdcc -mstm8
                                      7 	
                                      8 ;--------------------------------------------------------
                                      9 ; Public variables in this module
                                     10 ;--------------------------------------------------------
                                     11 	.globl _GPIO_WriteLow
                                     12 	.globl _GPIO_WriteHigh
                                     13 	.globl _GPIO_Init
                                     14 	.globl _swspi_init
                                     15 	.globl _swspi_tx16
                                     16 ;--------------------------------------------------------
                                     17 ; ram data
                                     18 ;--------------------------------------------------------
                                     19 	.area DATA
                                     20 ;--------------------------------------------------------
                                     21 ; ram data
                                     22 ;--------------------------------------------------------
                                     23 	.area INITIALIZED
                                     24 ;--------------------------------------------------------
                                     25 ; absolute external ram data
                                     26 ;--------------------------------------------------------
                                     27 	.area DABS (ABS)
                                     28 
                                     29 ; default segment ordering for linker
                                     30 	.area HOME
                                     31 	.area GSINIT
                                     32 	.area GSFINAL
                                     33 	.area CONST
                                     34 	.area INITIALIZER
                                     35 	.area CODE
                                     36 
                                     37 ;--------------------------------------------------------
                                     38 ; global & static initialisations
                                     39 ;--------------------------------------------------------
                                     40 	.area HOME
                                     41 	.area GSINIT
                                     42 	.area GSFINAL
                                     43 	.area GSINIT
                                     44 ;--------------------------------------------------------
                                     45 ; Home
                                     46 ;--------------------------------------------------------
                                     47 	.area HOME
                                     48 	.area HOME
                                     49 ;--------------------------------------------------------
                                     50 ; code
                                     51 ;--------------------------------------------------------
                                     52 	.area CODE
                           000000    53 	Sswspi$swspi_init$0 ==.
                                     54 ;	./src/swspi.c: 12: void swspi_init(void){
                                     55 ; genLabel
                                     56 ;	-----------------------------------------
                                     57 ;	 function swspi_init
                                     58 ;	-----------------------------------------
                                     59 ;	Register assignment is optimal.
                                     60 ;	Stack space usage: 0 bytes.
      000000                         61 _swspi_init:
                           000000    62 	Sswspi$swspi_init$1 ==.
                           000000    63 	Sswspi$swspi_init$2 ==.
                                     64 ;	./src/swspi.c: 13: GPIO_Init(CS_GPIO,CS_PIN,GPIO_MODE_OUT_PP_HIGH_FAST);
                                     65 ; genIPush
      000000 4B F0            [ 1]   66 	push	#0xf0
                           000002    67 	Sswspi$swspi_init$3 ==.
                                     68 ; genIPush
      000002 4B 10            [ 1]   69 	push	#0x10
                           000004    70 	Sswspi$swspi_init$4 ==.
                                     71 ; genIPush
      000004 4B 05            [ 1]   72 	push	#0x05
                           000006    73 	Sswspi$swspi_init$5 ==.
      000006 4B 50            [ 1]   74 	push	#0x50
                           000008    75 	Sswspi$swspi_init$6 ==.
                                     76 ; genCall
      000008 CDr00r00         [ 4]   77 	call	_GPIO_Init
      00000B 5B 04            [ 2]   78 	addw	sp, #4
                           00000D    79 	Sswspi$swspi_init$7 ==.
                           00000D    80 	Sswspi$swspi_init$8 ==.
                                     81 ;	./src/swspi.c: 14: GPIO_Init(CLK_GPIO,CLK_PIN,GPIO_MODE_OUT_PP_LOW_FAST);
                                     82 ; genIPush
      00000D 4B E0            [ 1]   83 	push	#0xe0
                           00000F    84 	Sswspi$swspi_init$9 ==.
                                     85 ; genIPush
      00000F 4B 08            [ 1]   86 	push	#0x08
                           000011    87 	Sswspi$swspi_init$10 ==.
                                     88 ; genIPush
      000011 4B 05            [ 1]   89 	push	#0x05
                           000013    90 	Sswspi$swspi_init$11 ==.
      000013 4B 50            [ 1]   91 	push	#0x50
                           000015    92 	Sswspi$swspi_init$12 ==.
                                     93 ; genCall
      000015 CDr00r00         [ 4]   94 	call	_GPIO_Init
      000018 5B 04            [ 2]   95 	addw	sp, #4
                           00001A    96 	Sswspi$swspi_init$13 ==.
                           00001A    97 	Sswspi$swspi_init$14 ==.
                                     98 ;	./src/swspi.c: 15: GPIO_Init(DIN_GPIO,DIN_PIN,GPIO_MODE_OUT_PP_LOW_FAST);
                                     99 ; genIPush
      00001A 4B E0            [ 1]  100 	push	#0xe0
                           00001C   101 	Sswspi$swspi_init$15 ==.
                                    102 ; genIPush
      00001C 4B 20            [ 1]  103 	push	#0x20
                           00001E   104 	Sswspi$swspi_init$16 ==.
                                    105 ; genIPush
      00001E 4B 05            [ 1]  106 	push	#0x05
                           000020   107 	Sswspi$swspi_init$17 ==.
      000020 4B 50            [ 1]  108 	push	#0x50
                           000022   109 	Sswspi$swspi_init$18 ==.
                                    110 ; genCall
      000022 CDr00r00         [ 4]  111 	call	_GPIO_Init
      000025 5B 04            [ 2]  112 	addw	sp, #4
                           000027   113 	Sswspi$swspi_init$19 ==.
                                    114 ; genLabel
      000027                        115 00101$:
                           000027   116 	Sswspi$swspi_init$20 ==.
                                    117 ;	./src/swspi.c: 16: }
                                    118 ; genEndFunction
                           000027   119 	Sswspi$swspi_init$21 ==.
                           000027   120 	XG$swspi_init$0$0 ==.
      000027 81               [ 4]  121 	ret
                           000028   122 	Sswspi$swspi_init$22 ==.
                           000028   123 	Sswspi$swspi_tx16$23 ==.
                                    124 ;	./src/swspi.c: 19: void swspi_tx16(uint16_t data){
                                    125 ; genLabel
                                    126 ;	-----------------------------------------
                                    127 ;	 function swspi_tx16
                                    128 ;	-----------------------------------------
                                    129 ;	Register assignment is optimal.
                                    130 ;	Stack space usage: 2 bytes.
      000028                        131 _swspi_tx16:
                           000028   132 	Sswspi$swspi_tx16$24 ==.
      000028 89               [ 2]  133 	pushw	x
                           000029   134 	Sswspi$swspi_tx16$25 ==.
                           000029   135 	Sswspi$swspi_tx16$26 ==.
                                    136 ;	./src/swspi.c: 20: uint16_t maska=0b1<<15; 
                                    137 ; genAssign
      000029 AE 80 00         [ 2]  138 	ldw	x, #0x8000
      00002C 1F 01            [ 2]  139 	ldw	(0x01, sp), x
                           00002E   140 	Sswspi$swspi_tx16$27 ==.
                                    141 ;	./src/swspi.c: 21: CS_L;										
                                    142 ; genIPush
      00002E 4B 10            [ 1]  143 	push	#0x10
                           000030   144 	Sswspi$swspi_tx16$28 ==.
                                    145 ; genIPush
      000030 4B 05            [ 1]  146 	push	#0x05
                           000032   147 	Sswspi$swspi_tx16$29 ==.
      000032 4B 50            [ 1]  148 	push	#0x50
                           000034   149 	Sswspi$swspi_tx16$30 ==.
                                    150 ; genCall
      000034 CDr00r00         [ 4]  151 	call	_GPIO_WriteLow
      000037 5B 03            [ 2]  152 	addw	sp, #3
                           000039   153 	Sswspi$swspi_tx16$31 ==.
                           000039   154 	Sswspi$swspi_tx16$32 ==.
                                    155 ;	./src/swspi.c: 22: while(maska){
                                    156 ; genLabel
      000039                        157 00104$:
                                    158 ; genIfx
      000039 1E 01            [ 2]  159 	ldw	x, (0x01, sp)
      00003B 26 03            [ 1]  160 	jrne	00124$
      00003D CCr00r86         [ 2]  161 	jp	00106$
      000040                        162 00124$:
                           000040   163 	Sswspi$swspi_tx16$33 ==.
                           000040   164 	Sswspi$swspi_tx16$34 ==.
                                    165 ;	./src/swspi.c: 23: if(maska & data){DIN_H;}else{DIN_L;}
                                    166 ; genAnd
      000040 7B 02            [ 1]  167 	ld	a, (0x02, sp)
      000042 14 06            [ 1]  168 	and	a, (0x06, sp)
      000044 97               [ 1]  169 	ld	xl, a
      000045 7B 01            [ 1]  170 	ld	a, (0x01, sp)
      000047 14 05            [ 1]  171 	and	a, (0x05, sp)
      000049 95               [ 1]  172 	ld	xh, a
                                    173 ; genIfx
      00004A 5D               [ 2]  174 	tnzw	x
      00004B 26 03            [ 1]  175 	jrne	00125$
      00004D CCr00r5E         [ 2]  176 	jp	00102$
      000050                        177 00125$:
                           000050   178 	Sswspi$swspi_tx16$35 ==.
                                    179 ; genIPush
      000050 4B 20            [ 1]  180 	push	#0x20
                           000052   181 	Sswspi$swspi_tx16$36 ==.
                                    182 ; genIPush
      000052 4B 05            [ 1]  183 	push	#0x05
                           000054   184 	Sswspi$swspi_tx16$37 ==.
      000054 4B 50            [ 1]  185 	push	#0x50
                           000056   186 	Sswspi$swspi_tx16$38 ==.
                                    187 ; genCall
      000056 CDr00r00         [ 4]  188 	call	_GPIO_WriteHigh
      000059 5B 03            [ 2]  189 	addw	sp, #3
                           00005B   190 	Sswspi$swspi_tx16$39 ==.
                           00005B   191 	Sswspi$swspi_tx16$40 ==.
                                    192 ; genGoto
      00005B CCr00r69         [ 2]  193 	jp	00103$
                                    194 ; genLabel
      00005E                        195 00102$:
                           00005E   196 	Sswspi$swspi_tx16$41 ==.
                                    197 ; genIPush
      00005E 4B 20            [ 1]  198 	push	#0x20
                           000060   199 	Sswspi$swspi_tx16$42 ==.
                                    200 ; genIPush
      000060 4B 05            [ 1]  201 	push	#0x05
                           000062   202 	Sswspi$swspi_tx16$43 ==.
      000062 4B 50            [ 1]  203 	push	#0x50
                           000064   204 	Sswspi$swspi_tx16$44 ==.
                                    205 ; genCall
      000064 CDr00r00         [ 4]  206 	call	_GPIO_WriteLow
      000067 5B 03            [ 2]  207 	addw	sp, #3
                           000069   208 	Sswspi$swspi_tx16$45 ==.
                           000069   209 	Sswspi$swspi_tx16$46 ==.
                                    210 ; genLabel
      000069                        211 00103$:
                           000069   212 	Sswspi$swspi_tx16$47 ==.
                                    213 ;	./src/swspi.c: 24: CLK_H;
                                    214 ; genIPush
      000069 4B 08            [ 1]  215 	push	#0x08
                           00006B   216 	Sswspi$swspi_tx16$48 ==.
                                    217 ; genIPush
      00006B 4B 05            [ 1]  218 	push	#0x05
                           00006D   219 	Sswspi$swspi_tx16$49 ==.
      00006D 4B 50            [ 1]  220 	push	#0x50
                           00006F   221 	Sswspi$swspi_tx16$50 ==.
                                    222 ; genCall
      00006F CDr00r00         [ 4]  223 	call	_GPIO_WriteHigh
      000072 5B 03            [ 2]  224 	addw	sp, #3
                           000074   225 	Sswspi$swspi_tx16$51 ==.
                           000074   226 	Sswspi$swspi_tx16$52 ==.
                                    227 ;	./src/swspi.c: 25: maska = maska >> 1;
                                    228 ; genRightShiftLiteral
      000074 04 01            [ 1]  229 	srl	(0x01, sp)
      000076 06 02            [ 1]  230 	rrc	(0x02, sp)
                           000078   231 	Sswspi$swspi_tx16$53 ==.
                                    232 ;	./src/swspi.c: 26: CLK_L;
                                    233 ; genIPush
      000078 4B 08            [ 1]  234 	push	#0x08
                           00007A   235 	Sswspi$swspi_tx16$54 ==.
                                    236 ; genIPush
      00007A 4B 05            [ 1]  237 	push	#0x05
                           00007C   238 	Sswspi$swspi_tx16$55 ==.
      00007C 4B 50            [ 1]  239 	push	#0x50
                           00007E   240 	Sswspi$swspi_tx16$56 ==.
                                    241 ; genCall
      00007E CDr00r00         [ 4]  242 	call	_GPIO_WriteLow
      000081 5B 03            [ 2]  243 	addw	sp, #3
                           000083   244 	Sswspi$swspi_tx16$57 ==.
                           000083   245 	Sswspi$swspi_tx16$58 ==.
                                    246 ; genGoto
      000083 CCr00r39         [ 2]  247 	jp	00104$
                                    248 ; genLabel
      000086                        249 00106$:
                           000086   250 	Sswspi$swspi_tx16$59 ==.
                                    251 ;	./src/swspi.c: 28: CS_H;
                                    252 ; genIPush
      000086 4B 10            [ 1]  253 	push	#0x10
                           000088   254 	Sswspi$swspi_tx16$60 ==.
                                    255 ; genIPush
      000088 4B 05            [ 1]  256 	push	#0x05
                           00008A   257 	Sswspi$swspi_tx16$61 ==.
      00008A 4B 50            [ 1]  258 	push	#0x50
                           00008C   259 	Sswspi$swspi_tx16$62 ==.
                                    260 ; genCall
      00008C CDr00r00         [ 4]  261 	call	_GPIO_WriteHigh
      00008F 5B 03            [ 2]  262 	addw	sp, #3
                           000091   263 	Sswspi$swspi_tx16$63 ==.
                                    264 ; genLabel
      000091                        265 00107$:
                           000091   266 	Sswspi$swspi_tx16$64 ==.
                                    267 ;	./src/swspi.c: 29: }
                                    268 ; genEndFunction
      000091 85               [ 2]  269 	popw	x
                           000092   270 	Sswspi$swspi_tx16$65 ==.
                           000092   271 	Sswspi$swspi_tx16$66 ==.
                           000092   272 	XG$swspi_tx16$0$0 ==.
      000092 81               [ 4]  273 	ret
                           000093   274 	Sswspi$swspi_tx16$67 ==.
                                    275 	.area CODE
                                    276 	.area CONST
                                    277 	.area INITIALIZER
                                    278 	.area CABS (ABS)
                                    279 
                                    280 	.area .debug_line (NOLOAD)
      000000 00 00 00 E2            281 	.dw	0,Ldebug_line_end-Ldebug_line_start
      000004                        282 Ldebug_line_start:
      000004 00 02                  283 	.dw	2
      000006 00 00 00 6E            284 	.dw	0,Ldebug_line_stmt-6-Ldebug_line_start
      00000A 01                     285 	.db	1
      00000B 01                     286 	.db	1
      00000C FB                     287 	.db	-5
      00000D 0F                     288 	.db	15
      00000E 0A                     289 	.db	10
      00000F 00                     290 	.db	0
      000010 01                     291 	.db	1
      000011 01                     292 	.db	1
      000012 01                     293 	.db	1
      000013 01                     294 	.db	1
      000014 00                     295 	.db	0
      000015 00                     296 	.db	0
      000016 00                     297 	.db	0
      000017 01                     298 	.db	1
      000018 43 3A 5C 50 72 6F 67   299 	.ascii "C:\Program Files\SDCC\bin\..\include\stm8"
             72 61 6D 20 46 69 6C
             65 73 5C 53 44 43 43
             08 69 6E 5C 2E 2E 5C
             69 6E 63 6C 75 64 65
             5C 73 74 6D 38
      000040 00                     300 	.db	0
      000041 43 3A 5C 50 72 6F 67   301 	.ascii "C:\Program Files\SDCC\bin\..\include"
             72 61 6D 20 46 69 6C
             65 73 5C 53 44 43 43
             08 69 6E 5C 2E 2E 5C
             69 6E 63 6C 75 64 65
      000064 00                     302 	.db	0
      000065 00                     303 	.db	0
      000066 2E 2F 73 72 63 2F 73   304 	.ascii "./src/swspi.c"
             77 73 70 69 2E 63
      000073 00                     305 	.db	0
      000074 00                     306 	.uleb128	0
      000075 00                     307 	.uleb128	0
      000076 00                     308 	.uleb128	0
      000077 00                     309 	.db	0
      000078                        310 Ldebug_line_stmt:
      000078 00                     311 	.db	0
      000079 05                     312 	.uleb128	5
      00007A 02                     313 	.db	2
      00007B 00 00r00r00            314 	.dw	0,(Sswspi$swspi_init$0)
      00007F 03                     315 	.db	3
      000080 0B                     316 	.sleb128	11
      000081 01                     317 	.db	1
      000082 09                     318 	.db	9
      000083 00 00                  319 	.dw	Sswspi$swspi_init$2-Sswspi$swspi_init$0
      000085 03                     320 	.db	3
      000086 01                     321 	.sleb128	1
      000087 01                     322 	.db	1
      000088 09                     323 	.db	9
      000089 00 0D                  324 	.dw	Sswspi$swspi_init$8-Sswspi$swspi_init$2
      00008B 03                     325 	.db	3
      00008C 01                     326 	.sleb128	1
      00008D 01                     327 	.db	1
      00008E 09                     328 	.db	9
      00008F 00 0D                  329 	.dw	Sswspi$swspi_init$14-Sswspi$swspi_init$8
      000091 03                     330 	.db	3
      000092 01                     331 	.sleb128	1
      000093 01                     332 	.db	1
      000094 09                     333 	.db	9
      000095 00 0D                  334 	.dw	Sswspi$swspi_init$20-Sswspi$swspi_init$14
      000097 03                     335 	.db	3
      000098 01                     336 	.sleb128	1
      000099 01                     337 	.db	1
      00009A 09                     338 	.db	9
      00009B 00 01                  339 	.dw	1+Sswspi$swspi_init$21-Sswspi$swspi_init$20
      00009D 00                     340 	.db	0
      00009E 01                     341 	.uleb128	1
      00009F 01                     342 	.db	1
      0000A0 00                     343 	.db	0
      0000A1 05                     344 	.uleb128	5
      0000A2 02                     345 	.db	2
      0000A3 00 00r00r28            346 	.dw	0,(Sswspi$swspi_tx16$23)
      0000A7 03                     347 	.db	3
      0000A8 12                     348 	.sleb128	18
      0000A9 01                     349 	.db	1
      0000AA 09                     350 	.db	9
      0000AB 00 01                  351 	.dw	Sswspi$swspi_tx16$26-Sswspi$swspi_tx16$23
      0000AD 03                     352 	.db	3
      0000AE 01                     353 	.sleb128	1
      0000AF 01                     354 	.db	1
      0000B0 09                     355 	.db	9
      0000B1 00 05                  356 	.dw	Sswspi$swspi_tx16$27-Sswspi$swspi_tx16$26
      0000B3 03                     357 	.db	3
      0000B4 01                     358 	.sleb128	1
      0000B5 01                     359 	.db	1
      0000B6 09                     360 	.db	9
      0000B7 00 0B                  361 	.dw	Sswspi$swspi_tx16$32-Sswspi$swspi_tx16$27
      0000B9 03                     362 	.db	3
      0000BA 01                     363 	.sleb128	1
      0000BB 01                     364 	.db	1
      0000BC 09                     365 	.db	9
      0000BD 00 07                  366 	.dw	Sswspi$swspi_tx16$34-Sswspi$swspi_tx16$32
      0000BF 03                     367 	.db	3
      0000C0 01                     368 	.sleb128	1
      0000C1 01                     369 	.db	1
      0000C2 09                     370 	.db	9
      0000C3 00 29                  371 	.dw	Sswspi$swspi_tx16$47-Sswspi$swspi_tx16$34
      0000C5 03                     372 	.db	3
      0000C6 01                     373 	.sleb128	1
      0000C7 01                     374 	.db	1
      0000C8 09                     375 	.db	9
      0000C9 00 0B                  376 	.dw	Sswspi$swspi_tx16$52-Sswspi$swspi_tx16$47
      0000CB 03                     377 	.db	3
      0000CC 01                     378 	.sleb128	1
      0000CD 01                     379 	.db	1
      0000CE 09                     380 	.db	9
      0000CF 00 04                  381 	.dw	Sswspi$swspi_tx16$53-Sswspi$swspi_tx16$52
      0000D1 03                     382 	.db	3
      0000D2 01                     383 	.sleb128	1
      0000D3 01                     384 	.db	1
      0000D4 09                     385 	.db	9
      0000D5 00 0E                  386 	.dw	Sswspi$swspi_tx16$59-Sswspi$swspi_tx16$53
      0000D7 03                     387 	.db	3
      0000D8 02                     388 	.sleb128	2
      0000D9 01                     389 	.db	1
      0000DA 09                     390 	.db	9
      0000DB 00 0B                  391 	.dw	Sswspi$swspi_tx16$64-Sswspi$swspi_tx16$59
      0000DD 03                     392 	.db	3
      0000DE 01                     393 	.sleb128	1
      0000DF 01                     394 	.db	1
      0000E0 09                     395 	.db	9
      0000E1 00 02                  396 	.dw	1+Sswspi$swspi_tx16$66-Sswspi$swspi_tx16$64
      0000E3 00                     397 	.db	0
      0000E4 01                     398 	.uleb128	1
      0000E5 01                     399 	.db	1
      0000E6                        400 Ldebug_line_end:
                                    401 
                                    402 	.area .debug_loc (NOLOAD)
      000000                        403 Ldebug_loc_start:
      000000 00 00r00r92            404 	.dw	0,(Sswspi$swspi_tx16$65)
      000004 00 00r00r93            405 	.dw	0,(Sswspi$swspi_tx16$67)
      000008 00 02                  406 	.dw	2
      00000A 78                     407 	.db	120
      00000B 01                     408 	.sleb128	1
      00000C 00 00r00r91            409 	.dw	0,(Sswspi$swspi_tx16$63)
      000010 00 00r00r92            410 	.dw	0,(Sswspi$swspi_tx16$65)
      000014 00 02                  411 	.dw	2
      000016 78                     412 	.db	120
      000017 03                     413 	.sleb128	3
      000018 00 00r00r8C            414 	.dw	0,(Sswspi$swspi_tx16$62)
      00001C 00 00r00r91            415 	.dw	0,(Sswspi$swspi_tx16$63)
      000020 00 02                  416 	.dw	2
      000022 78                     417 	.db	120
      000023 06                     418 	.sleb128	6
      000024 00 00r00r8A            419 	.dw	0,(Sswspi$swspi_tx16$61)
      000028 00 00r00r8C            420 	.dw	0,(Sswspi$swspi_tx16$62)
      00002C 00 02                  421 	.dw	2
      00002E 78                     422 	.db	120
      00002F 05                     423 	.sleb128	5
      000030 00 00r00r88            424 	.dw	0,(Sswspi$swspi_tx16$60)
      000034 00 00r00r8A            425 	.dw	0,(Sswspi$swspi_tx16$61)
      000038 00 02                  426 	.dw	2
      00003A 78                     427 	.db	120
      00003B 04                     428 	.sleb128	4
      00003C 00 00r00r83            429 	.dw	0,(Sswspi$swspi_tx16$57)
      000040 00 00r00r88            430 	.dw	0,(Sswspi$swspi_tx16$60)
      000044 00 02                  431 	.dw	2
      000046 78                     432 	.db	120
      000047 03                     433 	.sleb128	3
      000048 00 00r00r7E            434 	.dw	0,(Sswspi$swspi_tx16$56)
      00004C 00 00r00r83            435 	.dw	0,(Sswspi$swspi_tx16$57)
      000050 00 02                  436 	.dw	2
      000052 78                     437 	.db	120
      000053 06                     438 	.sleb128	6
      000054 00 00r00r7C            439 	.dw	0,(Sswspi$swspi_tx16$55)
      000058 00 00r00r7E            440 	.dw	0,(Sswspi$swspi_tx16$56)
      00005C 00 02                  441 	.dw	2
      00005E 78                     442 	.db	120
      00005F 05                     443 	.sleb128	5
      000060 00 00r00r7A            444 	.dw	0,(Sswspi$swspi_tx16$54)
      000064 00 00r00r7C            445 	.dw	0,(Sswspi$swspi_tx16$55)
      000068 00 02                  446 	.dw	2
      00006A 78                     447 	.db	120
      00006B 04                     448 	.sleb128	4
      00006C 00 00r00r74            449 	.dw	0,(Sswspi$swspi_tx16$51)
      000070 00 00r00r7A            450 	.dw	0,(Sswspi$swspi_tx16$54)
      000074 00 02                  451 	.dw	2
      000076 78                     452 	.db	120
      000077 03                     453 	.sleb128	3
      000078 00 00r00r6F            454 	.dw	0,(Sswspi$swspi_tx16$50)
      00007C 00 00r00r74            455 	.dw	0,(Sswspi$swspi_tx16$51)
      000080 00 02                  456 	.dw	2
      000082 78                     457 	.db	120
      000083 06                     458 	.sleb128	6
      000084 00 00r00r6D            459 	.dw	0,(Sswspi$swspi_tx16$49)
      000088 00 00r00r6F            460 	.dw	0,(Sswspi$swspi_tx16$50)
      00008C 00 02                  461 	.dw	2
      00008E 78                     462 	.db	120
      00008F 05                     463 	.sleb128	5
      000090 00 00r00r6B            464 	.dw	0,(Sswspi$swspi_tx16$48)
      000094 00 00r00r6D            465 	.dw	0,(Sswspi$swspi_tx16$49)
      000098 00 02                  466 	.dw	2
      00009A 78                     467 	.db	120
      00009B 04                     468 	.sleb128	4
      00009C 00 00r00r69            469 	.dw	0,(Sswspi$swspi_tx16$45)
      0000A0 00 00r00r6B            470 	.dw	0,(Sswspi$swspi_tx16$48)
      0000A4 00 02                  471 	.dw	2
      0000A6 78                     472 	.db	120
      0000A7 03                     473 	.sleb128	3
      0000A8 00 00r00r64            474 	.dw	0,(Sswspi$swspi_tx16$44)
      0000AC 00 00r00r69            475 	.dw	0,(Sswspi$swspi_tx16$45)
      0000B0 00 02                  476 	.dw	2
      0000B2 78                     477 	.db	120
      0000B3 06                     478 	.sleb128	6
      0000B4 00 00r00r62            479 	.dw	0,(Sswspi$swspi_tx16$43)
      0000B8 00 00r00r64            480 	.dw	0,(Sswspi$swspi_tx16$44)
      0000BC 00 02                  481 	.dw	2
      0000BE 78                     482 	.db	120
      0000BF 05                     483 	.sleb128	5
      0000C0 00 00r00r60            484 	.dw	0,(Sswspi$swspi_tx16$42)
      0000C4 00 00r00r62            485 	.dw	0,(Sswspi$swspi_tx16$43)
      0000C8 00 02                  486 	.dw	2
      0000CA 78                     487 	.db	120
      0000CB 04                     488 	.sleb128	4
      0000CC 00 00r00r5B            489 	.dw	0,(Sswspi$swspi_tx16$39)
      0000D0 00 00r00r60            490 	.dw	0,(Sswspi$swspi_tx16$42)
      0000D4 00 02                  491 	.dw	2
      0000D6 78                     492 	.db	120
      0000D7 03                     493 	.sleb128	3
      0000D8 00 00r00r56            494 	.dw	0,(Sswspi$swspi_tx16$38)
      0000DC 00 00r00r5B            495 	.dw	0,(Sswspi$swspi_tx16$39)
      0000E0 00 02                  496 	.dw	2
      0000E2 78                     497 	.db	120
      0000E3 06                     498 	.sleb128	6
      0000E4 00 00r00r54            499 	.dw	0,(Sswspi$swspi_tx16$37)
      0000E8 00 00r00r56            500 	.dw	0,(Sswspi$swspi_tx16$38)
      0000EC 00 02                  501 	.dw	2
      0000EE 78                     502 	.db	120
      0000EF 05                     503 	.sleb128	5
      0000F0 00 00r00r52            504 	.dw	0,(Sswspi$swspi_tx16$36)
      0000F4 00 00r00r54            505 	.dw	0,(Sswspi$swspi_tx16$37)
      0000F8 00 02                  506 	.dw	2
      0000FA 78                     507 	.db	120
      0000FB 04                     508 	.sleb128	4
      0000FC 00 00r00r39            509 	.dw	0,(Sswspi$swspi_tx16$31)
      000100 00 00r00r52            510 	.dw	0,(Sswspi$swspi_tx16$36)
      000104 00 02                  511 	.dw	2
      000106 78                     512 	.db	120
      000107 03                     513 	.sleb128	3
      000108 00 00r00r34            514 	.dw	0,(Sswspi$swspi_tx16$30)
      00010C 00 00r00r39            515 	.dw	0,(Sswspi$swspi_tx16$31)
      000110 00 02                  516 	.dw	2
      000112 78                     517 	.db	120
      000113 06                     518 	.sleb128	6
      000114 00 00r00r32            519 	.dw	0,(Sswspi$swspi_tx16$29)
      000118 00 00r00r34            520 	.dw	0,(Sswspi$swspi_tx16$30)
      00011C 00 02                  521 	.dw	2
      00011E 78                     522 	.db	120
      00011F 05                     523 	.sleb128	5
      000120 00 00r00r30            524 	.dw	0,(Sswspi$swspi_tx16$28)
      000124 00 00r00r32            525 	.dw	0,(Sswspi$swspi_tx16$29)
      000128 00 02                  526 	.dw	2
      00012A 78                     527 	.db	120
      00012B 04                     528 	.sleb128	4
      00012C 00 00r00r29            529 	.dw	0,(Sswspi$swspi_tx16$25)
      000130 00 00r00r30            530 	.dw	0,(Sswspi$swspi_tx16$28)
      000134 00 02                  531 	.dw	2
      000136 78                     532 	.db	120
      000137 03                     533 	.sleb128	3
      000138 00 00r00r28            534 	.dw	0,(Sswspi$swspi_tx16$24)
      00013C 00 00r00r29            535 	.dw	0,(Sswspi$swspi_tx16$25)
      000140 00 02                  536 	.dw	2
      000142 78                     537 	.db	120
      000143 01                     538 	.sleb128	1
      000144 00 00 00 00            539 	.dw	0,0
      000148 00 00 00 00            540 	.dw	0,0
      00014C 00 00r00r27            541 	.dw	0,(Sswspi$swspi_init$19)
      000150 00 00r00r28            542 	.dw	0,(Sswspi$swspi_init$22)
      000154 00 02                  543 	.dw	2
      000156 78                     544 	.db	120
      000157 01                     545 	.sleb128	1
      000158 00 00r00r22            546 	.dw	0,(Sswspi$swspi_init$18)
      00015C 00 00r00r27            547 	.dw	0,(Sswspi$swspi_init$19)
      000160 00 02                  548 	.dw	2
      000162 78                     549 	.db	120
      000163 05                     550 	.sleb128	5
      000164 00 00r00r20            551 	.dw	0,(Sswspi$swspi_init$17)
      000168 00 00r00r22            552 	.dw	0,(Sswspi$swspi_init$18)
      00016C 00 02                  553 	.dw	2
      00016E 78                     554 	.db	120
      00016F 04                     555 	.sleb128	4
      000170 00 00r00r1E            556 	.dw	0,(Sswspi$swspi_init$16)
      000174 00 00r00r20            557 	.dw	0,(Sswspi$swspi_init$17)
      000178 00 02                  558 	.dw	2
      00017A 78                     559 	.db	120
      00017B 03                     560 	.sleb128	3
      00017C 00 00r00r1C            561 	.dw	0,(Sswspi$swspi_init$15)
      000180 00 00r00r1E            562 	.dw	0,(Sswspi$swspi_init$16)
      000184 00 02                  563 	.dw	2
      000186 78                     564 	.db	120
      000187 02                     565 	.sleb128	2
      000188 00 00r00r1A            566 	.dw	0,(Sswspi$swspi_init$13)
      00018C 00 00r00r1C            567 	.dw	0,(Sswspi$swspi_init$15)
      000190 00 02                  568 	.dw	2
      000192 78                     569 	.db	120
      000193 01                     570 	.sleb128	1
      000194 00 00r00r15            571 	.dw	0,(Sswspi$swspi_init$12)
      000198 00 00r00r1A            572 	.dw	0,(Sswspi$swspi_init$13)
      00019C 00 02                  573 	.dw	2
      00019E 78                     574 	.db	120
      00019F 05                     575 	.sleb128	5
      0001A0 00 00r00r13            576 	.dw	0,(Sswspi$swspi_init$11)
      0001A4 00 00r00r15            577 	.dw	0,(Sswspi$swspi_init$12)
      0001A8 00 02                  578 	.dw	2
      0001AA 78                     579 	.db	120
      0001AB 04                     580 	.sleb128	4
      0001AC 00 00r00r11            581 	.dw	0,(Sswspi$swspi_init$10)
      0001B0 00 00r00r13            582 	.dw	0,(Sswspi$swspi_init$11)
      0001B4 00 02                  583 	.dw	2
      0001B6 78                     584 	.db	120
      0001B7 03                     585 	.sleb128	3
      0001B8 00 00r00r0F            586 	.dw	0,(Sswspi$swspi_init$9)
      0001BC 00 00r00r11            587 	.dw	0,(Sswspi$swspi_init$10)
      0001C0 00 02                  588 	.dw	2
      0001C2 78                     589 	.db	120
      0001C3 02                     590 	.sleb128	2
      0001C4 00 00r00r0D            591 	.dw	0,(Sswspi$swspi_init$7)
      0001C8 00 00r00r0F            592 	.dw	0,(Sswspi$swspi_init$9)
      0001CC 00 02                  593 	.dw	2
      0001CE 78                     594 	.db	120
      0001CF 01                     595 	.sleb128	1
      0001D0 00 00r00r08            596 	.dw	0,(Sswspi$swspi_init$6)
      0001D4 00 00r00r0D            597 	.dw	0,(Sswspi$swspi_init$7)
      0001D8 00 02                  598 	.dw	2
      0001DA 78                     599 	.db	120
      0001DB 05                     600 	.sleb128	5
      0001DC 00 00r00r06            601 	.dw	0,(Sswspi$swspi_init$5)
      0001E0 00 00r00r08            602 	.dw	0,(Sswspi$swspi_init$6)
      0001E4 00 02                  603 	.dw	2
      0001E6 78                     604 	.db	120
      0001E7 04                     605 	.sleb128	4
      0001E8 00 00r00r04            606 	.dw	0,(Sswspi$swspi_init$4)
      0001EC 00 00r00r06            607 	.dw	0,(Sswspi$swspi_init$5)
      0001F0 00 02                  608 	.dw	2
      0001F2 78                     609 	.db	120
      0001F3 03                     610 	.sleb128	3
      0001F4 00 00r00r02            611 	.dw	0,(Sswspi$swspi_init$3)
      0001F8 00 00r00r04            612 	.dw	0,(Sswspi$swspi_init$4)
      0001FC 00 02                  613 	.dw	2
      0001FE 78                     614 	.db	120
      0001FF 02                     615 	.sleb128	2
      000200 00 00r00r00            616 	.dw	0,(Sswspi$swspi_init$1)
      000204 00 00r00r02            617 	.dw	0,(Sswspi$swspi_init$3)
      000208 00 02                  618 	.dw	2
      00020A 78                     619 	.db	120
      00020B 01                     620 	.sleb128	1
      00020C 00 00 00 00            621 	.dw	0,0
      000210 00 00 00 00            622 	.dw	0,0
                                    623 
                                    624 	.area .debug_abbrev (NOLOAD)
      000000                        625 Ldebug_abbrev:
      000000 04                     626 	.uleb128	4
      000001 05                     627 	.uleb128	5
      000002 00                     628 	.db	0
      000003 02                     629 	.uleb128	2
      000004 0A                     630 	.uleb128	10
      000005 03                     631 	.uleb128	3
      000006 08                     632 	.uleb128	8
      000007 49                     633 	.uleb128	73
      000008 13                     634 	.uleb128	19
      000009 00                     635 	.uleb128	0
      00000A 00                     636 	.uleb128	0
      00000B 03                     637 	.uleb128	3
      00000C 2E                     638 	.uleb128	46
      00000D 01                     639 	.db	1
      00000E 01                     640 	.uleb128	1
      00000F 13                     641 	.uleb128	19
      000010 03                     642 	.uleb128	3
      000011 08                     643 	.uleb128	8
      000012 11                     644 	.uleb128	17
      000013 01                     645 	.uleb128	1
      000014 12                     646 	.uleb128	18
      000015 01                     647 	.uleb128	1
      000016 3F                     648 	.uleb128	63
      000017 0C                     649 	.uleb128	12
      000018 40                     650 	.uleb128	64
      000019 06                     651 	.uleb128	6
      00001A 00                     652 	.uleb128	0
      00001B 00                     653 	.uleb128	0
      00001C 07                     654 	.uleb128	7
      00001D 34                     655 	.uleb128	52
      00001E 00                     656 	.db	0
      00001F 02                     657 	.uleb128	2
      000020 0A                     658 	.uleb128	10
      000021 03                     659 	.uleb128	3
      000022 08                     660 	.uleb128	8
      000023 49                     661 	.uleb128	73
      000024 13                     662 	.uleb128	19
      000025 00                     663 	.uleb128	0
      000026 00                     664 	.uleb128	0
      000027 01                     665 	.uleb128	1
      000028 11                     666 	.uleb128	17
      000029 01                     667 	.db	1
      00002A 03                     668 	.uleb128	3
      00002B 08                     669 	.uleb128	8
      00002C 10                     670 	.uleb128	16
      00002D 06                     671 	.uleb128	6
      00002E 13                     672 	.uleb128	19
      00002F 0B                     673 	.uleb128	11
      000030 25                     674 	.uleb128	37
      000031 08                     675 	.uleb128	8
      000032 00                     676 	.uleb128	0
      000033 00                     677 	.uleb128	0
      000034 06                     678 	.uleb128	6
      000035 0B                     679 	.uleb128	11
      000036 00                     680 	.db	0
      000037 11                     681 	.uleb128	17
      000038 01                     682 	.uleb128	1
      000039 12                     683 	.uleb128	18
      00003A 01                     684 	.uleb128	1
      00003B 00                     685 	.uleb128	0
      00003C 00                     686 	.uleb128	0
      00003D 02                     687 	.uleb128	2
      00003E 2E                     688 	.uleb128	46
      00003F 00                     689 	.db	0
      000040 03                     690 	.uleb128	3
      000041 08                     691 	.uleb128	8
      000042 11                     692 	.uleb128	17
      000043 01                     693 	.uleb128	1
      000044 12                     694 	.uleb128	18
      000045 01                     695 	.uleb128	1
      000046 3F                     696 	.uleb128	63
      000047 0C                     697 	.uleb128	12
      000048 40                     698 	.uleb128	64
      000049 06                     699 	.uleb128	6
      00004A 00                     700 	.uleb128	0
      00004B 00                     701 	.uleb128	0
      00004C 05                     702 	.uleb128	5
      00004D 0B                     703 	.uleb128	11
      00004E 01                     704 	.db	1
      00004F 01                     705 	.uleb128	1
      000050 13                     706 	.uleb128	19
      000051 11                     707 	.uleb128	17
      000052 01                     708 	.uleb128	1
      000053 12                     709 	.uleb128	18
      000054 01                     710 	.uleb128	1
      000055 00                     711 	.uleb128	0
      000056 00                     712 	.uleb128	0
      000057 08                     713 	.uleb128	8
      000058 24                     714 	.uleb128	36
      000059 00                     715 	.db	0
      00005A 03                     716 	.uleb128	3
      00005B 08                     717 	.uleb128	8
      00005C 0B                     718 	.uleb128	11
      00005D 0B                     719 	.uleb128	11
      00005E 3E                     720 	.uleb128	62
      00005F 0B                     721 	.uleb128	11
      000060 00                     722 	.uleb128	0
      000061 00                     723 	.uleb128	0
      000062 00                     724 	.uleb128	0
                                    725 
                                    726 	.area .debug_info (NOLOAD)
      000000 00 00 00 BA            727 	.dw	0,Ldebug_info_end-Ldebug_info_start
      000004                        728 Ldebug_info_start:
      000004 00 02                  729 	.dw	2
      000006 00 00r00r00            730 	.dw	0,(Ldebug_abbrev)
      00000A 04                     731 	.db	4
      00000B 01                     732 	.uleb128	1
      00000C 2E 2F 73 72 63 2F 73   733 	.ascii "./src/swspi.c"
             77 73 70 69 2E 63
      000019 00                     734 	.db	0
      00001A 00 00r00r00            735 	.dw	0,(Ldebug_line_start+-4)
      00001E 01                     736 	.db	1
      00001F 53 44 43 43 20 76 65   737 	.ascii "SDCC version 4.1.0 #12072"
             72 73 69 6F 6E 20 34
             2E 31 2E 30 20 23 31
             32 30 37 32
      000038 00                     738 	.db	0
      000039 02                     739 	.uleb128	2
      00003A 73 77 73 70 69 5F 69   740 	.ascii "swspi_init"
             6E 69 74
      000044 00                     741 	.db	0
      000045 00 00r00r00            742 	.dw	0,(_swspi_init)
      000049 00 00r00r28            743 	.dw	0,(XG$swspi_init$0$0+1)
      00004D 01                     744 	.db	1
      00004E 00 00r01r4C            745 	.dw	0,(Ldebug_loc_start+332)
      000052 03                     746 	.uleb128	3
      000053 00 00 00 AB            747 	.dw	0,171
      000057 73 77 73 70 69 5F 74   748 	.ascii "swspi_tx16"
             78 31 36
      000061 00                     749 	.db	0
      000062 00 00r00r28            750 	.dw	0,(_swspi_tx16)
      000066 00 00r00r93            751 	.dw	0,(XG$swspi_tx16$0$0+1)
      00006A 01                     752 	.db	1
      00006B 00 00r00r00            753 	.dw	0,(Ldebug_loc_start)
      00006F 04                     754 	.uleb128	4
      000070 02                     755 	.db	2
      000071 91                     756 	.db	145
      000072 02                     757 	.sleb128	2
      000073 64 61 74 61            758 	.ascii "data"
      000077 00                     759 	.db	0
      000078 00 00 00 AB            760 	.dw	0,171
      00007C 05                     761 	.uleb128	5
      00007D 00 00 00 9C            762 	.dw	0,156
      000081 00 00r00r40            763 	.dw	0,(Sswspi$swspi_tx16$33)
      000085 00 00r00r83            764 	.dw	0,(Sswspi$swspi_tx16$58)
      000089 06                     765 	.uleb128	6
      00008A 00 00r00r50            766 	.dw	0,(Sswspi$swspi_tx16$35)
      00008E 00 00r00r5B            767 	.dw	0,(Sswspi$swspi_tx16$40)
      000092 06                     768 	.uleb128	6
      000093 00 00r00r5E            769 	.dw	0,(Sswspi$swspi_tx16$41)
      000097 00 00r00r69            770 	.dw	0,(Sswspi$swspi_tx16$46)
      00009B 00                     771 	.uleb128	0
      00009C 07                     772 	.uleb128	7
      00009D 02                     773 	.db	2
      00009E 91                     774 	.db	145
      00009F 7E                     775 	.sleb128	-2
      0000A0 6D 61 73 6B 61         776 	.ascii "maska"
      0000A5 00                     777 	.db	0
      0000A6 00 00 00 AB            778 	.dw	0,171
      0000AA 00                     779 	.uleb128	0
      0000AB 08                     780 	.uleb128	8
      0000AC 75 6E 73 69 67 6E 65   781 	.ascii "unsigned int"
             64 20 69 6E 74
      0000B8 00                     782 	.db	0
      0000B9 02                     783 	.db	2
      0000BA 07                     784 	.db	7
      0000BB 00                     785 	.uleb128	0
      0000BC 00                     786 	.uleb128	0
      0000BD 00                     787 	.uleb128	0
      0000BE                        788 Ldebug_info_end:
                                    789 
                                    790 	.area .debug_pubnames (NOLOAD)
      000000 00 00 00 2C            791 	.dw	0,Ldebug_pubnames_end-Ldebug_pubnames_start
      000004                        792 Ldebug_pubnames_start:
      000004 00 02                  793 	.dw	2
      000006 00 00r00r00            794 	.dw	0,(Ldebug_info_start-4)
      00000A 00 00 00 BE            795 	.dw	0,4+Ldebug_info_end-Ldebug_info_start
      00000E 00 00 00 39            796 	.dw	0,57
      000012 73 77 73 70 69 5F 69   797 	.ascii "swspi_init"
             6E 69 74
      00001C 00                     798 	.db	0
      00001D 00 00 00 52            799 	.dw	0,82
      000021 73 77 73 70 69 5F 74   800 	.ascii "swspi_tx16"
             78 31 36
      00002B 00                     801 	.db	0
      00002C 00 00 00 00            802 	.dw	0,0
      000030                        803 Ldebug_pubnames_end:
                                    804 
                                    805 	.area .debug_frame (NOLOAD)
      000000 00 00                  806 	.dw	0
      000002 00 0E                  807 	.dw	Ldebug_CIE0_end-Ldebug_CIE0_start
      000004                        808 Ldebug_CIE0_start:
      000004 FF FF                  809 	.dw	0xffff
      000006 FF FF                  810 	.dw	0xffff
      000008 01                     811 	.db	1
      000009 00                     812 	.db	0
      00000A 01                     813 	.uleb128	1
      00000B 7F                     814 	.sleb128	-1
      00000C 09                     815 	.db	9
      00000D 0C                     816 	.db	12
      00000E 08                     817 	.uleb128	8
      00000F 02                     818 	.uleb128	2
      000010 89                     819 	.db	137
      000011 01                     820 	.uleb128	1
      000012                        821 Ldebug_CIE0_end:
      000012 00 00 00 C9            822 	.dw	0,201
      000016 00 00r00r00            823 	.dw	0,(Ldebug_CIE0_start-4)
      00001A 00 00r00r28            824 	.dw	0,(Sswspi$swspi_tx16$24)	;initial loc
      00001E 00 00 00 6B            825 	.dw	0,Sswspi$swspi_tx16$67-Sswspi$swspi_tx16$24
      000022 01                     826 	.db	1
      000023 00 00r00r28            827 	.dw	0,(Sswspi$swspi_tx16$24)
      000027 0E                     828 	.db	14
      000028 02                     829 	.uleb128	2
      000029 01                     830 	.db	1
      00002A 00 00r00r29            831 	.dw	0,(Sswspi$swspi_tx16$25)
      00002E 0E                     832 	.db	14
      00002F 04                     833 	.uleb128	4
      000030 01                     834 	.db	1
      000031 00 00r00r30            835 	.dw	0,(Sswspi$swspi_tx16$28)
      000035 0E                     836 	.db	14
      000036 05                     837 	.uleb128	5
      000037 01                     838 	.db	1
      000038 00 00r00r32            839 	.dw	0,(Sswspi$swspi_tx16$29)
      00003C 0E                     840 	.db	14
      00003D 06                     841 	.uleb128	6
      00003E 01                     842 	.db	1
      00003F 00 00r00r34            843 	.dw	0,(Sswspi$swspi_tx16$30)
      000043 0E                     844 	.db	14
      000044 07                     845 	.uleb128	7
      000045 01                     846 	.db	1
      000046 00 00r00r39            847 	.dw	0,(Sswspi$swspi_tx16$31)
      00004A 0E                     848 	.db	14
      00004B 04                     849 	.uleb128	4
      00004C 01                     850 	.db	1
      00004D 00 00r00r52            851 	.dw	0,(Sswspi$swspi_tx16$36)
      000051 0E                     852 	.db	14
      000052 05                     853 	.uleb128	5
      000053 01                     854 	.db	1
      000054 00 00r00r54            855 	.dw	0,(Sswspi$swspi_tx16$37)
      000058 0E                     856 	.db	14
      000059 06                     857 	.uleb128	6
      00005A 01                     858 	.db	1
      00005B 00 00r00r56            859 	.dw	0,(Sswspi$swspi_tx16$38)
      00005F 0E                     860 	.db	14
      000060 07                     861 	.uleb128	7
      000061 01                     862 	.db	1
      000062 00 00r00r5B            863 	.dw	0,(Sswspi$swspi_tx16$39)
      000066 0E                     864 	.db	14
      000067 04                     865 	.uleb128	4
      000068 01                     866 	.db	1
      000069 00 00r00r60            867 	.dw	0,(Sswspi$swspi_tx16$42)
      00006D 0E                     868 	.db	14
      00006E 05                     869 	.uleb128	5
      00006F 01                     870 	.db	1
      000070 00 00r00r62            871 	.dw	0,(Sswspi$swspi_tx16$43)
      000074 0E                     872 	.db	14
      000075 06                     873 	.uleb128	6
      000076 01                     874 	.db	1
      000077 00 00r00r64            875 	.dw	0,(Sswspi$swspi_tx16$44)
      00007B 0E                     876 	.db	14
      00007C 07                     877 	.uleb128	7
      00007D 01                     878 	.db	1
      00007E 00 00r00r69            879 	.dw	0,(Sswspi$swspi_tx16$45)
      000082 0E                     880 	.db	14
      000083 04                     881 	.uleb128	4
      000084 01                     882 	.db	1
      000085 00 00r00r6B            883 	.dw	0,(Sswspi$swspi_tx16$48)
      000089 0E                     884 	.db	14
      00008A 05                     885 	.uleb128	5
      00008B 01                     886 	.db	1
      00008C 00 00r00r6D            887 	.dw	0,(Sswspi$swspi_tx16$49)
      000090 0E                     888 	.db	14
      000091 06                     889 	.uleb128	6
      000092 01                     890 	.db	1
      000093 00 00r00r6F            891 	.dw	0,(Sswspi$swspi_tx16$50)
      000097 0E                     892 	.db	14
      000098 07                     893 	.uleb128	7
      000099 01                     894 	.db	1
      00009A 00 00r00r74            895 	.dw	0,(Sswspi$swspi_tx16$51)
      00009E 0E                     896 	.db	14
      00009F 04                     897 	.uleb128	4
      0000A0 01                     898 	.db	1
      0000A1 00 00r00r7A            899 	.dw	0,(Sswspi$swspi_tx16$54)
      0000A5 0E                     900 	.db	14
      0000A6 05                     901 	.uleb128	5
      0000A7 01                     902 	.db	1
      0000A8 00 00r00r7C            903 	.dw	0,(Sswspi$swspi_tx16$55)
      0000AC 0E                     904 	.db	14
      0000AD 06                     905 	.uleb128	6
      0000AE 01                     906 	.db	1
      0000AF 00 00r00r7E            907 	.dw	0,(Sswspi$swspi_tx16$56)
      0000B3 0E                     908 	.db	14
      0000B4 07                     909 	.uleb128	7
      0000B5 01                     910 	.db	1
      0000B6 00 00r00r83            911 	.dw	0,(Sswspi$swspi_tx16$57)
      0000BA 0E                     912 	.db	14
      0000BB 04                     913 	.uleb128	4
      0000BC 01                     914 	.db	1
      0000BD 00 00r00r88            915 	.dw	0,(Sswspi$swspi_tx16$60)
      0000C1 0E                     916 	.db	14
      0000C2 05                     917 	.uleb128	5
      0000C3 01                     918 	.db	1
      0000C4 00 00r00r8A            919 	.dw	0,(Sswspi$swspi_tx16$61)
      0000C8 0E                     920 	.db	14
      0000C9 06                     921 	.uleb128	6
      0000CA 01                     922 	.db	1
      0000CB 00 00r00r8C            923 	.dw	0,(Sswspi$swspi_tx16$62)
      0000CF 0E                     924 	.db	14
      0000D0 07                     925 	.uleb128	7
      0000D1 01                     926 	.db	1
      0000D2 00 00r00r91            927 	.dw	0,(Sswspi$swspi_tx16$63)
      0000D6 0E                     928 	.db	14
      0000D7 04                     929 	.uleb128	4
      0000D8 01                     930 	.db	1
      0000D9 00 00r00r92            931 	.dw	0,(Sswspi$swspi_tx16$65)
      0000DD 0E                     932 	.db	14
      0000DE 02                     933 	.uleb128	2
                                    934 
                                    935 	.area .debug_frame (NOLOAD)
      0000DF 00 00                  936 	.dw	0
      0000E1 00 0E                  937 	.dw	Ldebug_CIE1_end-Ldebug_CIE1_start
      0000E3                        938 Ldebug_CIE1_start:
      0000E3 FF FF                  939 	.dw	0xffff
      0000E5 FF FF                  940 	.dw	0xffff
      0000E7 01                     941 	.db	1
      0000E8 00                     942 	.db	0
      0000E9 01                     943 	.uleb128	1
      0000EA 7F                     944 	.sleb128	-1
      0000EB 09                     945 	.db	9
      0000EC 0C                     946 	.db	12
      0000ED 08                     947 	.uleb128	8
      0000EE 02                     948 	.uleb128	2
      0000EF 89                     949 	.db	137
      0000F0 01                     950 	.uleb128	1
      0000F1                        951 Ldebug_CIE1_end:
      0000F1 00 00 00 7C            952 	.dw	0,124
      0000F5 00 00r00rDF            953 	.dw	0,(Ldebug_CIE1_start-4)
      0000F9 00 00r00r00            954 	.dw	0,(Sswspi$swspi_init$1)	;initial loc
      0000FD 00 00 00 28            955 	.dw	0,Sswspi$swspi_init$22-Sswspi$swspi_init$1
      000101 01                     956 	.db	1
      000102 00 00r00r00            957 	.dw	0,(Sswspi$swspi_init$1)
      000106 0E                     958 	.db	14
      000107 02                     959 	.uleb128	2
      000108 01                     960 	.db	1
      000109 00 00r00r02            961 	.dw	0,(Sswspi$swspi_init$3)
      00010D 0E                     962 	.db	14
      00010E 03                     963 	.uleb128	3
      00010F 01                     964 	.db	1
      000110 00 00r00r04            965 	.dw	0,(Sswspi$swspi_init$4)
      000114 0E                     966 	.db	14
      000115 04                     967 	.uleb128	4
      000116 01                     968 	.db	1
      000117 00 00r00r06            969 	.dw	0,(Sswspi$swspi_init$5)
      00011B 0E                     970 	.db	14
      00011C 05                     971 	.uleb128	5
      00011D 01                     972 	.db	1
      00011E 00 00r00r08            973 	.dw	0,(Sswspi$swspi_init$6)
      000122 0E                     974 	.db	14
      000123 06                     975 	.uleb128	6
      000124 01                     976 	.db	1
      000125 00 00r00r0D            977 	.dw	0,(Sswspi$swspi_init$7)
      000129 0E                     978 	.db	14
      00012A 02                     979 	.uleb128	2
      00012B 01                     980 	.db	1
      00012C 00 00r00r0F            981 	.dw	0,(Sswspi$swspi_init$9)
      000130 0E                     982 	.db	14
      000131 03                     983 	.uleb128	3
      000132 01                     984 	.db	1
      000133 00 00r00r11            985 	.dw	0,(Sswspi$swspi_init$10)
      000137 0E                     986 	.db	14
      000138 04                     987 	.uleb128	4
      000139 01                     988 	.db	1
      00013A 00 00r00r13            989 	.dw	0,(Sswspi$swspi_init$11)
      00013E 0E                     990 	.db	14
      00013F 05                     991 	.uleb128	5
      000140 01                     992 	.db	1
      000141 00 00r00r15            993 	.dw	0,(Sswspi$swspi_init$12)
      000145 0E                     994 	.db	14
      000146 06                     995 	.uleb128	6
      000147 01                     996 	.db	1
      000148 00 00r00r1A            997 	.dw	0,(Sswspi$swspi_init$13)
      00014C 0E                     998 	.db	14
      00014D 02                     999 	.uleb128	2
      00014E 01                    1000 	.db	1
      00014F 00 00r00r1C           1001 	.dw	0,(Sswspi$swspi_init$15)
      000153 0E                    1002 	.db	14
      000154 03                    1003 	.uleb128	3
      000155 01                    1004 	.db	1
      000156 00 00r00r1E           1005 	.dw	0,(Sswspi$swspi_init$16)
      00015A 0E                    1006 	.db	14
      00015B 04                    1007 	.uleb128	4
      00015C 01                    1008 	.db	1
      00015D 00 00r00r20           1009 	.dw	0,(Sswspi$swspi_init$17)
      000161 0E                    1010 	.db	14
      000162 05                    1011 	.uleb128	5
      000163 01                    1012 	.db	1
      000164 00 00r00r22           1013 	.dw	0,(Sswspi$swspi_init$18)
      000168 0E                    1014 	.db	14
      000169 06                    1015 	.uleb128	6
      00016A 01                    1016 	.db	1
      00016B 00 00r00r27           1017 	.dw	0,(Sswspi$swspi_init$19)
      00016F 0E                    1018 	.db	14
      000170 02                    1019 	.uleb128	2
